Log file open, 04/07/19 13:48:16
LogWindows: Failed to load 'aqProf.dll' (GetLastError=126)
LogWindows: File 'aqProf.dll' does not exist
LogWindows: Failed to load 'VtuneApi.dll' (GetLastError=126)
LogWindows: File 'VtuneApi.dll' does not exist
LogWindows: Failed to load 'VtuneApi32e.dll' (GetLastError=126)
LogWindows: File 'VtuneApi32e.dll' does not exist
LogInit: Display: Running engine for game: BuildingEscape
LogPlatformFile: Not using cached read wrapper
LogInit: Display: RandInit(-592203365) SRandInit(-592203365).
LogInit: Read version file with build ID '3944462'
LogInit: Overriding engine version to CL 4033788, compatible CL 3944462
LogInit: Registered custom module enumerator with build ID '3944462'
LogTaskGraph: Started task graph with 5 named threads and 11 total threads with 3 sets of task threads.
LogStats: Stats thread started at 0.189853
LogD3D11RHI: Aftermath initialized
LogICUInternationalization: Display: ICU TimeZone Detection - Raw Offset: -8:00, Platform Override: ''
LogPluginManager: Mounting plugin Paper2D
LogPluginManager: Mounting plugin LiveLink
LogPluginManager: Mounting plugin LightPropagationVolume
LogPluginManager: Mounting plugin CLionSourceCodeAccess
LogPluginManager: Mounting plugin CodeLiteSourceCodeAccess
LogPluginManager: Mounting plugin GitSourceControl
LogPluginManager: Mounting plugin KDevelopSourceCodeAccess
LogPluginManager: Mounting plugin NullSourceCodeAccess
LogPluginManager: Mounting plugin PerforceSourceControl
LogPluginManager: Mounting plugin SubversionSourceControl
LogPluginManager: Mounting plugin UObjectPlugin
LogPluginManager: Mounting plugin VisualStudioCodeSourceCodeAccess
LogPluginManager: Mounting plugin VisualStudioSourceCodeAccess
LogPluginManager: Mounting plugin XCodeSourceCodeAccess
LogPluginManager: Mounting plugin AssetManagerEditor
LogPluginManager: Mounting plugin CryptoKeys
LogPluginManager: Mounting plugin DataValidation
LogPluginManager: Mounting plugin FacialAnimation
LogPluginManager: Mounting plugin GameplayTagsEditor
LogPluginManager: Mounting plugin MobileLauncherProfileWizard
LogPluginManager: Mounting plugin PluginBrowser
LogPluginManager: Mounting plugin SpeedTreeImporter
LogPluginManager: Mounting plugin DatasmithContent
LogPluginManager: Mounting plugin AlembicImporter
LogPluginManager: Mounting plugin CharacterAI
LogPluginManager: Mounting plugin HTML5Networking
LogPluginManager: Mounting plugin AndroidMedia
LogPluginManager: Mounting plugin AvfMedia
LogPluginManager: Mounting plugin ImgMedia
LogPluginManager: Mounting plugin LinearTimecode
LogPluginManager: Mounting plugin MediaCompositing
LogPluginManager: Mounting plugin MediaPlayerEditor
LogPluginManager: Mounting plugin WmfMedia
LogPluginManager: Mounting plugin TcpMessaging
LogPluginManager: Mounting plugin UdpMessaging
LogPluginManager: Mounting plugin ActorSequence
LogPluginManager: Mounting plugin LevelSequenceEditor
LogPluginManager: Mounting plugin MatineeToLevelSequence
LogPluginManager: Mounting plugin NetcodeUnitTest
LogPluginManager: Mounting plugin NUTUnrealEngine4
LogPluginManager: Mounting plugin OnlineSubsystemGooglePlay
LogPluginManager: Mounting plugin OnlineSubsystemIOS
LogPluginManager: Mounting plugin OnlineSubsystem
LogPluginManager: Mounting plugin OnlineSubsystemNull
LogPluginManager: Mounting plugin OnlineSubsystemUtils
LogPluginManager: Mounting plugin AndroidDeviceProfileSelector
LogPluginManager: Mounting plugin AndroidMoviePlayer
LogPluginManager: Mounting plugin AndroidPermission
LogPluginManager: Mounting plugin AppleARKit
LogPluginManager: Mounting plugin AppleMoviePlayer
LogPluginManager: Mounting plugin ArchVisCharacter
LogPluginManager: Mounting plugin AudioCapture
LogPluginManager: Mounting plugin CableComponent
LogPluginManager: Mounting plugin CustomMeshComponent
LogPluginManager: Mounting plugin ExampleDeviceProfileSelector
LogPluginManager: Mounting plugin GoogleCloudMessaging
LogPluginManager: Mounting plugin ImmediatePhysics
LogPluginManager: Mounting plugin IOSDeviceProfileSelector
LogPluginManager: Mounting plugin LinuxDeviceProfileSelector
LogPluginManager: Mounting plugin LocationServicesBPLibrary
LogPluginManager: Mounting plugin MobilePatchingUtils
LogPluginManager: Mounting plugin OculusVR
LogPluginManager: Plugin shader directory ../../../Engine/Plugins/Runtime/Oculus/OculusVR/Shaders found
LogPluginManager: Mapping shader source directory ../../../Engine/Plugins/Runtime/Oculus/OculusVR/Shaders to virtual directory /Plugin/OculusVR
LogPluginManager: Mounting plugin PhysXVehicles
LogPluginManager: Mounting plugin ProceduralMeshComponent
LogPluginManager: Mounting plugin RuntimePhysXCooking
LogPluginManager: Mounting plugin SteamVR
LogPluginManager: Mounting plugin WindowsMoviePlayer
LogStreaming: Display: Took  0.150s to configure plugins.
LogModuleManager: Display: Found up-to-date module file ../../../../../../Users/Rone Caballero/Desktop/Projects/Unreal/Unreal2/Section03/BuildingEscape/Binaries/Win64/UE4Editor-BuildingEscape-2075.dll (API version 3944462).
LogModuleManager: Display: Found up-to-date module file ../../../Engine/Plugins/2D/Paper2D/Binaries/Win64/UE4Editor-Paper2D.dll (API version 3944462).
LogModuleManager: Display: Found up-to-date module file ../../../Engine/Plugins/2D/Paper2D/Binaries/Win64/UE4Editor-Paper2DEditor.dll (API version 3944462).
LogModuleManager: Display: Found up-to-date module file ../../../Engine/Plugins/2D/Paper2D/Binaries/Win64/UE4Editor-PaperSpriteSheetImporter.dll (API version 3944462).
LogModuleManager: Display: Found up-to-date module file ../../../Engine/Plugins/2D/Paper2D/Binaries/Win64/UE4Editor-PaperTiledImporter.dll (API version 3944462).
LogModuleManager: Display: Found up-to-date module file ../../../Engine/Plugins/2D/Paper2D/Binaries/Win64/UE4Editor-SmartSnapping.dll (API version 3944462).
LogModuleManager: Display: Found up-to-date module file ../../../Engine/Plugins/Animation/LiveLink/Binaries/Win64/UE4Editor-LiveLink.dll (API version 3944462).
LogModuleManager: Display: Found up-to-date module file ../../../Engine/Plugins/Animation/LiveLink/Binaries/Win64/UE4Editor-LiveLinkEditor.dll (API version 3944462).
LogModuleManager: Display: Found up-to-date module file ../../../Engine/Plugins/Blendables/LightPropagationVolume/Binaries/Win64/UE4Editor-LightPropagationVolumeRuntime.dll (API version 3944462).
LogModuleManager: Display: Found up-to-date module file ../../../Engine/Plugins/Blendables/LightPropagationVolume/Binaries/Win64/UE4Editor-LightPropagationVolumeEditor.dll (API version 3944462).
LogModuleManager: Display: Found up-to-date module file ../../../Engine/Plugins/Developer/CLionSourceCodeAccess/Binaries/Win64/UE4Editor-CLionSourceCodeAccess.dll (API version 3944462).
LogModuleManager: Display: Found up-to-date module file ../../../Engine/Plugins/Developer/GitSourceControl/Binaries/Win64/UE4Editor-GitSourceControl.dll (API version 3944462).
LogModuleManager: Display: Found up-to-date module file ../../../Engine/Plugins/Developer/PerforceSourceControl/Binaries/Win64/UE4Editor-PerforceSourceControl.dll (API version 3944462).
LogModuleManager: Display: Found up-to-date module file ../../../Engine/Plugins/Developer/SubversionSourceControl/Binaries/Win64/UE4Editor-SubversionSourceControl.dll (API version 3944462).
LogModuleManager: Display: Found up-to-date module file ../../../Engine/Plugins/Developer/UObjectPlugin/Binaries/Win64/UE4Editor-UObjectPlugin.dll (API version 3944462).
LogModuleManager: Display: Found up-to-date module file ../../../Engine/Plugins/Developer/VisualStudioCodeSourceCodeAccess/Binaries/Win64/UE4Editor-VisualStudioCodeSourceCodeAccess.dll (API version 3944462).
LogModuleManager: Display: Found up-to-date module file ../../../Engine/Plugins/Developer/VisualStudioSourceCodeAccess/Binaries/Win64/UE4Editor-VisualStudioSourceCodeAccess.dll (API version 3944462).
LogModuleManager: Display: Found up-to-date module file ../../../Engine/Plugins/Editor/AssetManagerEditor/Binaries/Win64/UE4Editor-AssetManagerEditor.dll (API version 3944462).
LogModuleManager: Display: Found up-to-date module file ../../../Engine/Plugins/Editor/CryptoKeys/Binaries/Win64/UE4Editor-CryptoKeys.dll (API version 3944462).
LogModuleManager: Display: Found up-to-date module file ../../../Engine/Plugins/Editor/CryptoKeys/Binaries/Win64/UE4Editor-CryptoKeysOpenSSL.dll (API version 3944462).
LogModuleManager: Display: Found up-to-date module file ../../../Engine/Plugins/Editor/DataValidation/Binaries/Win64/UE4Editor-DataValidation.dll (API version 3944462).
LogModuleManager: Display: Found up-to-date module file ../../../Engine/Plugins/Editor/FacialAnimation/Binaries/Win64/UE4Editor-FacialAnimation.dll (API version 3944462).
LogModuleManager: Display: Found up-to-date module file ../../../Engine/Plugins/Editor/FacialAnimation/Binaries/Win64/UE4Editor-FacialAnimationEditor.dll (API version 3944462).
LogModuleManager: Display: Found up-to-date module file ../../../Engine/Plugins/Editor/GameplayTagsEditor/Binaries/Win64/UE4Editor-GameplayTagsEditor.dll (API version 3944462).
LogModuleManager: Display: Found up-to-date module file ../../../Engine/Plugins/Editor/MobileLauncherProfileWizard/Binaries/Win64/UE4Editor-MobileLauncherProfileWizard.dll (API version 3944462).
LogModuleManager: Display: Found up-to-date module file ../../../Engine/Plugins/Editor/PluginBrowser/Binaries/Win64/UE4Editor-PluginBrowser.dll (API version 3944462).
LogModuleManager: Display: Found up-to-date module file ../../../Engine/Plugins/Editor/SpeedTreeImporter/Binaries/Win64/UE4Editor-SpeedTreeImporter.dll (API version 3944462).
LogModuleManager: Display: Found up-to-date module file ../../../Engine/Plugins/Enterprise/DatasmithContent/Binaries/Win64/UE4Editor-DatasmithContent.dll (API version 3944462).
LogModuleManager: Display: Found up-to-date module file ../../../Engine/Plugins/Experimental/AlembicImporter/Binaries/Win64/UE4Editor-AlembicImporter.dll (API version 3944462).
LogModuleManager: Display: Found up-to-date module file ../../../Engine/Plugins/Experimental/AlembicImporter/Binaries/Win64/UE4Editor-AlembicLibrary.dll (API version 3944462).
LogModuleManager: Display: Found up-to-date module file ../../../Engine/Plugins/Experimental/CharacterAI/Binaries/Win64/UE4Editor-CharacterAI.dll (API version 3944462).
LogModuleManager: Display: Found up-to-date module file ../../../Engine/Plugins/Experimental/HTML5Networking/Binaries/Win64/UE4Editor-HTML5Networking.dll (API version 3944462).
LogModuleManager: Display: Found up-to-date module file ../../../Engine/Plugins/Media/AndroidMedia/Binaries/Win64/UE4Editor-AndroidMediaEditor.dll (API version 3944462).
LogModuleManager: Display: Found up-to-date module file ../../../Engine/Plugins/Media/AndroidMedia/Binaries/Win64/UE4Editor-AndroidMediaFactory.dll (API version 3944462).
LogModuleManager: Display: Found up-to-date module file ../../../Engine/Plugins/Media/AvfMedia/Binaries/Win64/UE4Editor-AvfMediaEditor.dll (API version 3944462).
LogModuleManager: Display: Found up-to-date module file ../../../Engine/Plugins/Media/AvfMedia/Binaries/Win64/UE4Editor-AvfMediaFactory.dll (API version 3944462).
LogModuleManager: Display: Found up-to-date module file ../../../Engine/Plugins/Media/AvfMedia/Binaries/Win64/UE4Editor-AvfMediaFactory.dll (API version 3944462).
LogModuleManager: Display: Found up-to-date module file ../../../Engine/Plugins/Media/ImgMedia/Binaries/Win64/UE4Editor-ImgMedia.dll (API version 3944462).
LogModuleManager: Display: Found up-to-date module file ../../../Engine/Plugins/Media/ImgMedia/Binaries/Win64/UE4Editor-ImgMediaEditor.dll (API version 3944462).
LogModuleManager: Display: Found up-to-date module file ../../../Engine/Plugins/Media/ImgMedia/Binaries/Win64/UE4Editor-ImgMediaFactory.dll (API version 3944462).
LogModuleManager: Display: Found up-to-date module file ../../../Engine/Plugins/Media/ImgMedia/Binaries/Win64/UE4Editor-ImgMediaFactory.dll (API version 3944462).
LogModuleManager: Display: Found up-to-date module file ../../../Engine/Plugins/Media/ImgMedia/Binaries/Win64/UE4Editor-OpenExrWrapper.dll (API version 3944462).
LogModuleManager: Display: Found up-to-date module file ../../../Engine/Plugins/Media/LinearTimecode/Binaries/Win64/UE4Editor-LinearTimecode.dll (API version 3944462).
LogModuleManager: Display: Found up-to-date module file ../../../Engine/Plugins/Media/MediaCompositing/Binaries/Win64/UE4Editor-MediaCompositing.dll (API version 3944462).
LogModuleManager: Display: Found up-to-date module file ../../../Engine/Plugins/Media/MediaCompositing/Binaries/Win64/UE4Editor-MediaCompositingEditor.dll (API version 3944462).
LogModuleManager: Display: Found up-to-date module file ../../../Engine/Plugins/Media/MediaPlayerEditor/Binaries/Win64/UE4Editor-MediaPlayerEditor.dll (API version 3944462).
LogModuleManager: Display: Found up-to-date module file ../../../Engine/Plugins/Media/WmfMedia/Binaries/Win64/UE4Editor-WmfMedia.dll (API version 3944462).
LogModuleManager: Display: Found up-to-date module file ../../../Engine/Plugins/Media/WmfMedia/Binaries/Win64/UE4Editor-WmfMediaEditor.dll (API version 3944462).
LogModuleManager: Display: Found up-to-date module file ../../../Engine/Plugins/Media/WmfMedia/Binaries/Win64/UE4Editor-WmfMediaFactory.dll (API version 3944462).
LogModuleManager: Display: Found up-to-date module file ../../../Engine/Plugins/Media/WmfMedia/Binaries/Win64/UE4Editor-WmfMediaFactory.dll (API version 3944462).
LogModuleManager: Display: Found up-to-date module file ../../../Engine/Plugins/Messaging/TcpMessaging/Binaries/Win64/UE4Editor-TcpMessaging.dll (API version 3944462).
LogModuleManager: Display: Found up-to-date module file ../../../Engine/Plugins/Messaging/UdpMessaging/Binaries/Win64/UE4Editor-UdpMessaging.dll (API version 3944462).
LogModuleManager: Display: Found up-to-date module file ../../../Engine/Plugins/MovieScene/ActorSequence/Binaries/Win64/UE4Editor-ActorSequence.dll (API version 3944462).
LogModuleManager: Display: Found up-to-date module file ../../../Engine/Plugins/MovieScene/LevelSequenceEditor/Binaries/Win64/UE4Editor-LevelSequenceEditor.dll (API version 3944462).
LogModuleManager: Display: Found up-to-date module file ../../../Engine/Plugins/MovieScene/MatineeToLevelSequence/Binaries/Win64/UE4Editor-MatineeToLevelSequence.dll (API version 3944462).
LogModuleManager: Display: Found up-to-date module file ../../../Engine/Plugins/NetcodeUnitTest/NetcodeUnitTest/Binaries/Win64/UE4Editor-NetcodeUnitTest.dll (API version 3944462).
LogModuleManager: Display: Found up-to-date module file ../../../Engine/Plugins/NetcodeUnitTest/NUTUnrealEngine4/Binaries/Win64/UE4Editor-NUTUnrealEngine4.dll (API version 3944462).
LogModuleManager: Display: Found up-to-date module file ../../../Engine/Plugins/Online/OnlineSubsystem/Binaries/Win64/UE4Editor-OnlineSubsystem.dll (API version 3944462).
LogModuleManager: Display: Found up-to-date module file ../../../Engine/Plugins/Online/OnlineSubsystemNull/Binaries/Win64/UE4Editor-OnlineSubsystemNull.dll (API version 3944462).
LogModuleManager: Display: Found up-to-date module file ../../../Engine/Plugins/Online/OnlineSubsystemUtils/Binaries/Win64/UE4Editor-OnlineSubsystemUtils.dll (API version 3944462).
LogModuleManager: Display: Found up-to-date module file ../../../Engine/Plugins/Online/OnlineSubsystemUtils/Binaries/Win64/UE4Editor-OnlineBlueprintSupport.dll (API version 3944462).
LogModuleManager: Display: Found up-to-date module file ../../../Engine/Plugins/Runtime/AndroidDeviceProfileSelector/Binaries/Win64/UE4Editor-AndroidDeviceProfileSelector.dll (API version 3944462).
LogModuleManager: Display: Found up-to-date module file ../../../Engine/Plugins/Runtime/AndroidPermission/Binaries/Win64/UE4Editor-AndroidPermission.dll (API version 3944462).
LogModuleManager: Display: Found up-to-date module file ../../../Engine/Plugins/Runtime/AppleARKit/Binaries/Win64/UE4Editor-AppleARKit.dll (API version 3944462).
LogModuleManager: Display: Found up-to-date module file ../../../Engine/Plugins/Runtime/ArchVisCharacter/Binaries/Win64/UE4Editor-ArchVisCharacter.dll (API version 3944462).
LogModuleManager: Display: Found up-to-date module file ../../../Engine/Plugins/Runtime/AudioCapture/Binaries/Win64/UE4Editor-AudioCapture.dll (API version 3944462).
LogModuleManager: Display: Found up-to-date module file ../../../Engine/Plugins/Runtime/AudioCapture/Binaries/Win64/UE4Editor-AudioCaptureEditor.dll (API version 3944462).
LogModuleManager: Display: Found up-to-date module file ../../../Engine/Plugins/Runtime/CableComponent/Binaries/Win64/UE4Editor-CableComponent.dll (API version 3944462).
LogModuleManager: Display: Found up-to-date module file ../../../Engine/Plugins/Runtime/CustomMeshComponent/Binaries/Win64/UE4Editor-CustomMeshComponent.dll (API version 3944462).
LogModuleManager: Display: Found up-to-date module file ../../../Engine/Plugins/Runtime/ExampleDeviceProfileSelector/Binaries/Win64/UE4Editor-ExampleDeviceProfileSelector.dll (API version 3944462).
LogModuleManager: Display: Found up-to-date module file ../../../Engine/Plugins/Runtime/ImmediatePhysics/Binaries/Win64/UE4Editor-ImmediatePhysics.dll (API version 3944462).
LogModuleManager: Display: Found up-to-date module file ../../../Engine/Plugins/Runtime/ImmediatePhysics/Binaries/Win64/UE4Editor-ImmediatePhysicsEditor.dll (API version 3944462).
LogModuleManager: Display: Found up-to-date module file ../../../Engine/Plugins/Runtime/LocationServicesBPLibrary/Binaries/Win64/UE4Editor-LocationServicesBPLibrary.dll (API version 3944462).
LogModuleManager: Display: Found up-to-date module file ../../../Engine/Plugins/Runtime/MobilePatchingUtils/Binaries/Win64/UE4Editor-MobilePatchingUtils.dll (API version 3944462).
LogModuleManager: Display: Found up-to-date module file ../../../Engine/Plugins/Runtime/Oculus/OculusVR/Binaries/Win64/UE4Editor-OculusHMD.dll (API version 3944462).
LogModuleManager: Display: Found up-to-date module file ../../../Engine/Plugins/Runtime/Oculus/OculusVR/Binaries/Win64/UE4Editor-OculusInput.dll (API version 3944462).
LogModuleManager: Display: Found up-to-date module file ../../../Engine/Plugins/Runtime/Oculus/OculusVR/Binaries/Win64/UE4Editor-OculusEditor.dll (API version 3944462).
LogModuleManager: Display: Found up-to-date module file ../../../Engine/Plugins/Runtime/PhysXVehicles/Binaries/Win64/UE4Editor-PhysXVehicles.dll (API version 3944462).
LogModuleManager: Display: Found up-to-date module file ../../../Engine/Plugins/Runtime/PhysXVehicles/Binaries/Win64/UE4Editor-PhysXVehiclesEditor.dll (API version 3944462).
LogModuleManager: Display: Found up-to-date module file ../../../Engine/Plugins/Runtime/ProceduralMeshComponent/Binaries/Win64/UE4Editor-ProceduralMeshComponent.dll (API version 3944462).
LogModuleManager: Display: Found up-to-date module file ../../../Engine/Plugins/Runtime/ProceduralMeshComponent/Binaries/Win64/UE4Editor-ProceduralMeshComponentEditor.dll (API version 3944462).
LogModuleManager: Display: Found up-to-date module file ../../../Engine/Plugins/Runtime/RuntimePhysXCooking/Binaries/Win64/UE4Editor-RuntimePhysXCooking.dll (API version 3944462).
LogModuleManager: Display: Found up-to-date module file ../../../Engine/Plugins/Runtime/Steam/SteamVR/Binaries/Win64/UE4Editor-SteamVR.dll (API version 3944462).
LogModuleManager: Display: Found up-to-date module file ../../../Engine/Plugins/Runtime/Steam/SteamVR/Binaries/Win64/UE4Editor-SteamVRController.dll (API version 3944462).
LogModuleManager: Display: Found up-to-date module file ../../../Engine/Plugins/Runtime/WindowsMoviePlayer/Binaries/Win64/UE4Editor-WindowsMoviePlayer.dll (API version 3944462).
LogInit: Using libcurl 7.47.1
LogInit:  - built for x86_64-pc-win32
LogInit:  - supports SSL with OpenSSL/1.0.2g
LogInit:  - supports HTTP deflate (compression) using libz 1.2.8
LogInit:  - other features:
LogInit:      CURL_VERSION_SSL
LogInit:      CURL_VERSION_LIBZ
LogInit:      CURL_VERSION_IPV6
LogInit:      CURL_VERSION_ASYNCHDNS
LogInit:      CURL_VERSION_LARGEFILE
LogInit:      CURL_VERSION_IDN
LogInit:  CurlRequestOptions (configurable via config and command line):
LogInit:  - bVerifyPeer = false  - Libcurl will NOT verify peer certificate
LogInit:  - bUseHttpProxy = false  - Libcurl will NOT use HTTP proxy
LogInit:  - bDontReuseConnections = false  - Libcurl will reuse connections
LogInit:  - CertBundlePath = nullptr  - Libcurl will use whatever was configured at build time.
LogInit:  - MaxHostConnections = 16  - Libcurl will limit the number of connections to a host
LogInit:  - LocalHostAddr = Default
LogInit: WinSock: version 1.1 (2.2), MaxSocks=32767, MaxUdp=65467
LogInit: WinSock: I am DESKTOP-KJH4Q5H (192.168.117.1:0)
LogInit: Build: ++UE4+Release-4.19-CL-4033788
LogInit: Engine Version: 4.19.2-4033788+++UE4+Release-4.19
LogInit: Compatible Engine Version: 4.19.0-3944462+++UE4+Release-4.19
LogInit: Net CL: 3944462
LogDevObjectVersion: Number of dev versions registered: 18
LogDevObjectVersion:   Dev-Blueprints (B0D832E4-1F89-4F0D-ACCF-7EB736FD4AA2): 10
LogDevObjectVersion:   Dev-Build (E1C64328-A22C-4D53-A36C-8E866417BD8C): 0
LogDevObjectVersion:   Dev-Core (375EC13C-06E4-48FB-B500-84F0262A717E): 2
LogDevObjectVersion:   Dev-Editor (E4B068ED-F494-42E9-A231-DA0B2E46BB41): 23
LogDevObjectVersion:   Dev-Framework (CFFC743F-43B0-4480-9391-14DF171D2073): 33
LogDevObjectVersion:   Dev-Mobile (B02B49B5-BB20-44E9-A304-32B752E40360): 2
LogDevObjectVersion:   Dev-Networking (A4E4105C-59A1-49B5-A7C5-40C4547EDFEE): 0
LogDevObjectVersion:   Dev-Online (39C831C9-5AE6-47DC-9A44-9C173E1C8E7C): 0
LogDevObjectVersion:   Dev-Physics (78F01B33-EBEA-4F98-B9B4-84EACCB95AA2): 0
LogDevObjectVersion:   Dev-Platform (6631380F-2D4D-43E0-8009-CF276956A95A): 0
LogDevObjectVersion:   Dev-Rendering (12F88B9F-8875-4AFC-A67C-D90C383ABD29): 25
LogDevObjectVersion:   Dev-Sequencer (7B5AE74C-D270-4C10-A958-57980B212A5A): 6
LogDevObjectVersion:   Dev-VR (D7296918-1DD6-4BDD-9DE2-64A83CC13884): 1
LogDevObjectVersion:   Dev-LoadTimes (C2A15278-BFE7-4AFE-6C17-90FF531DF755): 1
LogDevObjectVersion:   Private-Geometry (6EACA3D4-40EC-4CC1-B786-8BED09428FC5): 2
LogDevObjectVersion:   Dev-AnimPhys (29E575DD-E0A3-4627-9D10-D276232CDCEA): 16
LogDevObjectVersion:   Dev-ReflectionCapture (6B266CEC-1EC7-4B8F-A30B-E4D90942FC07): 1
LogDevObjectVersion:   Dev-Automation (0DF73D61-A23F-47EA-B727-89E90C41499A): 1
LogInit: Compiled (64-bit): Apr 27 2018 02:06:57
LogInit: Compiled with Visual C++: 19.00.24215.01
LogInit: Build Configuration: Development
LogInit: Branch Name: ++UE4+Release-4.19
LogInit: Command Line: 
LogInit: Base Directory: C:/Program Files/Epic Games/UE_4.19/Engine/Binaries/Win64/
LogInit: Installed Engine Build: 1
LogStreaming: Display: Took  0.005s to delete old logs.
LogInit: Presizing for max 8388607 objects, including 0 objects not considered by GC, pre-allocating 0 bytes for permanent pool.
LogInit: Object subsystem initialized
[2019.04.07-20.48.19:683][  0]LogInit: Selected Device Profile: [Windows]
[2019.04.07-20.48.19:683][  0]LogInit: Applying CVar settings loaded from the selected device profile: [Windows]
[2019.04.07-20.48.19:712][  0]LogInit: Computer: DESKTOP-KJH4Q5H
[2019.04.07-20.48.19:712][  0]LogInit: User: RoneCaballero
[2019.04.07-20.48.19:712][  0]LogInit: CPU Page size=4096, Cores=2
[2019.04.07-20.48.19:712][  0]LogInit: High frequency timer resolution =2.343751 MHz
[2019.04.07-20.48.19:712][  0]LogMemory: Memory total: Physical=7.8GB (8GB approx)
[2019.04.07-20.48.19:712][  0]LogMemory: Platform Memory Stats for Windows
[2019.04.07-20.48.19:712][  0]LogMemory: Process Physical Memory: 272.70 MB used, 272.70 MB peak
[2019.04.07-20.48.19:712][  0]LogMemory: Process Virtual Memory: 261.92 MB used, 261.92 MB peak
[2019.04.07-20.48.19:712][  0]LogMemory: Physical Memory: 2812.34 MB used,  5136.92 MB free, 7949.25 MB total
[2019.04.07-20.48.19:712][  0]LogMemory: Virtual Memory: 4774.60 MB used,  5136.92 MB free, 134217728.00 MB total
[2019.04.07-20.48.19:738][  0]LogInit: Using OS detected language (en-GB).
[2019.04.07-20.48.19:738][  0]LogInit: Using OS detected locale (en-US).
[2019.04.07-20.48.19:742][  0]LogTextLocalizationManager: No specific localization for 'en-GB' exists, so the 'en' localization will be used.
[2019.04.07-20.48.20:407][  0]LogStreaming: Display: Took  0.670s to EndInitTextLocalization.
[2019.04.07-20.48.20:408][  0]LogInit: Setting process to per monitor DPI aware
[2019.04.07-20.48.20:462][  0]LogSlate: New Slate User Created.  User Index 0, Is Virtual User: 0
[2019.04.07-20.48.20:462][  0]LogSlate: Slate User Registered.  User Index 0, Is Virtual User: 0
[2019.04.07-20.48.20:838][  0]LogD3D11RHI: D3D11 adapters:
[2019.04.07-20.48.20:915][  0]LogD3D11RHI:    0. 'NVIDIA GeForce 940M' (Feature Level 11_0)
[2019.04.07-20.48.20:916][  0]LogD3D11RHI:       2020/0/3974 MB DedicatedVideo/DedicatedSystem/SharedSystem, Outputs:1, VendorId:0x10de
[2019.04.07-20.48.20:930][  0]LogD3D11RHI:    1. 'Intel(R) HD Graphics 520' (Feature Level 11_0)
[2019.04.07-20.48.20:930][  0]LogD3D11RHI:       128/0/3974 MB DedicatedVideo/DedicatedSystem/SharedSystem, Outputs:0, VendorId:0x8086
[2019.04.07-20.48.20:934][  0]LogD3D11RHI:    2. 'Microsoft Basic Render Driver' (Feature Level 11_0)
[2019.04.07-20.48.20:934][  0]LogD3D11RHI:       0/0/3974 MB DedicatedVideo/DedicatedSystem/SharedSystem, Outputs:0, VendorId:0x1414
[2019.04.07-20.48.20:934][  0]LogD3D11RHI: Chosen D3D11 Adapter: 0
[2019.04.07-20.48.20:975][  0]LogD3D11RHI: Creating new Direct3DDevice
[2019.04.07-20.48.20:975][  0]LogD3D11RHI:     GPU DeviceId: 0x1347 (for the marketing name, search the web for "GPU Device Id")
[2019.04.07-20.48.20:975][  0]LogWindows: EnumDisplayDevices:
[2019.04.07-20.48.20:975][  0]LogWindows:    0. 'Intel(R) HD Graphics 520' (P:1 D:1)
[2019.04.07-20.48.20:975][  0]LogWindows:    1. 'Intel(R) HD Graphics 520' (P:0 D:0)
[2019.04.07-20.48.20:976][  0]LogWindows:    2. 'Intel(R) HD Graphics 520' (P:0 D:0)
[2019.04.07-20.48.20:976][  0]LogWindows: DebugString: GetVideoDriverDetailsInvalid PrimaryIsNotTheChoosenAdapter GetVideoDriverDetailsInvalid PrimaryIsNotTheChoosenAdapter GetVideoDriverDetailsInvalid PrimaryIsNotTheChoosenAdapter FoundDriverCount:0 
[2019.04.07-20.48.20:976][  0]LogD3D11RHI:     Adapter Name: NVIDIA GeForce 940M
[2019.04.07-20.48.20:976][  0]LogD3D11RHI:   Driver Version: Unknown (internal:Unknown, unified:Unknown)
[2019.04.07-20.48.20:976][  0]LogD3D11RHI:      Driver Date: Unknown
[2019.04.07-20.48.20:976][  0]LogRHI: Texture pool is 1414 MB (70% of 2020 MB)
[2019.04.07-20.48.21:027][  0]LogD3D11RHI: [Aftermath] Aftermath enabled and primed
[2019.04.07-20.48.21:027][  0]LogD3D11RHI: [Aftermath] Aftermath enabled and primed
[2019.04.07-20.48.21:027][  0]LogD3D11RHI: Async texture creation enabled
[2019.04.07-20.48.21:048][  0]LogD3D11RHI: GPU Timing Frequency: 1000.000000 (Debug: 2 2)
[2019.04.07-20.48.21:049][  0]LogShaderCompilers: Guid format shader working directory is -40 characters bigger than the processId version (../../../../../../Users/Rone Caballero/Desktop/Projects/Unreal/Unreal2/Section03/BuildingEscape/Intermediate/Shaders/WorkingDirectory/9832/).
[2019.04.07-20.48.21:049][  0]LogShaderCompilers: Cleaned the shader compiler working directory 'C:/Users/Rone Caballero/AppData/Local/Temp/UnrealShaderWorkingDir/446928904967BE651E06A3AEDAABBA79/'.
[2019.04.07-20.48.21:411][  0]LogTemp: Display: Loaded TP AllDesktopTargetPlatform
[2019.04.07-20.48.21:436][  0]LogTemp: Display: Loaded TP MacClientTargetPlatform
[2019.04.07-20.48.21:463][  0]LogTemp: Display: Loaded TP MacNoEditorTargetPlatform
[2019.04.07-20.48.21:490][  0]LogTemp: Display: Loaded TP MacServerTargetPlatform
[2019.04.07-20.48.21:516][  0]LogTemp: Display: Loaded TP MacTargetPlatform
[2019.04.07-20.48.21:533][  0]LogTemp: Display: Loaded TP WindowsClientTargetPlatform
[2019.04.07-20.48.21:550][  0]LogTemp: Display: Loaded TP WindowsNoEditorTargetPlatform
[2019.04.07-20.48.21:568][  0]LogTemp: Display: Loaded TP WindowsServerTargetPlatform
[2019.04.07-20.48.21:578][  0]LogTemp: Display: Loaded TP WindowsTargetPlatform
[2019.04.07-20.48.21:595][  0]LogTemp: Display: Loaded TP Android_ASTCTargetPlatform
[2019.04.07-20.48.21:614][  0]LogTemp: Display: Loaded TP Android_ATCTargetPlatform
[2019.04.07-20.48.21:629][  0]LogTemp: Display: Loaded TP Android_DXTTargetPlatform
[2019.04.07-20.48.21:649][  0]LogTemp: Display: Loaded TP Android_ETC1aTargetPlatform
[2019.04.07-20.48.21:673][  0]LogTemp: Display: Loaded TP Android_ETC1TargetPlatform
[2019.04.07-20.48.21:694][  0]LogTemp: Display: Loaded TP Android_ETC2TargetPlatform
[2019.04.07-20.48.21:733][  0]LogTemp: Display: Loaded TP Android_MultiTargetPlatform
[2019.04.07-20.48.21:733][  0]LogTemp: Display: Loaded TP Android_PVRTCTargetPlatform
[2019.04.07-20.48.21:756][  0]LogTemp: Display: Loaded TP AndroidTargetPlatform
[2019.04.07-20.48.21:758][  0]LogTemp: Display: Loaded TP HTML5TargetPlatform
[2019.04.07-20.48.21:806][  0]LogTemp: Display: Loaded TP IOSTargetPlatform
[2019.04.07-20.48.21:820][  0]LogTemp: Display: Loaded TP TVOSTargetPlatform
[2019.04.07-20.48.21:839][  0]LogTemp: Display: Loaded TP LinuxClientTargetPlatform
[2019.04.07-20.48.21:857][  0]LogTemp: Display: Loaded TP LinuxNoEditorTargetPlatform
[2019.04.07-20.48.21:877][  0]LogTemp: Display: Loaded TP LinuxServerTargetPlatform
[2019.04.07-20.48.21:894][  0]LogTemp: Display: Loaded TP LinuxTargetPlatform
[2019.04.07-20.48.21:894][  0]LogTargetPlatformManager: Display: Building Assets For Windows
[2019.04.07-20.48.22:057][  0]LogXGEController: Cannot use XGE Controller as Incredibuild is not installed on this machine.
[2019.04.07-20.48.22:057][  0]LogShaderCompilers: Cannot use XGE Shader Compiler as Incredibuild is not installed on this machine.
[2019.04.07-20.48.22:058][  0]LogShaderCompilers: Display: Using Local Shader Compiler.
[2019.04.07-20.48.22:937][  0]LogDerivedDataCache: Display: Max Cache Size: 512 MB
[2019.04.07-20.48.23:037][  0]LogDerivedDataCache: Loaded boot cache 0.10s 74MB C:/Users/Rone Caballero/AppData/Local/UnrealEngine/4.19/DerivedDataCache/Boot.ddc.
[2019.04.07-20.48.23:038][  0]LogDerivedDataCache: Display: Loaded Boot cache: C:/Users/Rone Caballero/AppData/Local/UnrealEngine/4.19/DerivedDataCache/Boot.ddc
[2019.04.07-20.48.23:038][  0]LogDerivedDataCache: FDerivedDataBackendGraph:  Pak pak cache file ../../../../../../Users/Rone Caballero/Desktop/Projects/Unreal/Unreal2/Section03/BuildingEscape/DerivedDataCache/DDC.ddp not found, will not use a pak cache.
[2019.04.07-20.48.23:038][  0]LogDerivedDataCache: Unable to find inner node Pak for hierarchical cache Hierarchy.
[2019.04.07-20.48.23:038][  0]LogDerivedDataCache: FDerivedDataBackendGraph:  CompressedPak pak cache file ../../../../../../Users/Rone Caballero/Desktop/Projects/Unreal/Unreal2/Section03/BuildingEscape/DerivedDataCache/Compressed.ddp not found, will not use a pak cache.
[2019.04.07-20.48.23:038][  0]LogDerivedDataCache: Unable to find inner node CompressedPak for hierarchical cache Hierarchy.
[2019.04.07-20.48.23:057][  0]LogDerivedDataCache: Display: Pak cache opened for reading ../../../Engine/DerivedDataCache/Compressed.ddp.
[2019.04.07-20.48.23:070][  0]LogDerivedDataCache: Using Local data cache path C:/Users/Rone Caballero/AppData/Local/UnrealEngine/Common/DerivedDataCache: Writable
[2019.04.07-20.48.23:070][  0]LogDerivedDataCache: Shared data cache path not found in *engine.ini, will not use an Shared cache.
[2019.04.07-20.48.23:070][  0]LogDerivedDataCache: Unable to find inner node Shared for hierarchical cache Hierarchy.
[2019.04.07-20.48.23:085][  0]LogMaterial: Verifying Global Shaders for PCD3D_SM5
[2019.04.07-20.48.23:086][  0]LogSlate: Using Freetype 2.6.0
[2019.04.07-20.48.23:086][  0]LogSlate: SlateFontCache - WITH_FREETYPE: 1, WITH_HARFBUZZ: 1
[2019.04.07-20.48.23:086][  0]LogSlate: SlateFontCache - WITH_FREETYPE: 1, WITH_HARFBUZZ: 1
[2019.04.07-20.48.23:235][  0]LogAssetRegistry: FAssetRegistry took 0.0275 seconds to start up
[2019.04.07-20.48.23:627][  0]LogInit: Selected Device Profile: [Windows]
[2019.04.07-20.48.23:829][  0]LogSimplygon: Simplygon DLL not present - disabling.
[2019.04.07-20.48.23:833][  0]LogMeshReduction: Using SimplygonSwarm for distributed automatic mesh merging
[2019.04.07-20.48.23:833][  0]LogMeshReduction: Using QuadricMeshReduction for automatic static mesh reduction
[2019.04.07-20.48.23:833][  0]LogMeshReduction: No automatic skeletal mesh reduction module available
[2019.04.07-20.48.23:833][  0]LogMeshReduction: No automatic mesh merging module available
[2019.04.07-20.48.23:833][  0]LogMeshMerging: No automatic mesh merging module available
[2019.04.07-20.48.23:874][  0]LogNetVersion: BuildingEscape , NetCL: 3944462, EngineNetVer: 2, GameNetVer: 0 (Checksum: 4285820645)
[2019.04.07-20.48.24:564][  0]LogPackageLocalizationCache: Processed 9 localized package path(s) for 2 prioritized culture(s) in 0.125604 seconds
[2019.04.07-20.48.24:570][  0]LogUObjectArray: 36728 objects as part of root set at end of initial load.
[2019.04.07-20.48.24:570][  0]LogUObjectAllocator: 7314304 out of 0 bytes used by permanent object pool.
[2019.04.07-20.48.24:570][  0]LogUObjectArray: CloseDisregardForGC: 0/0 objects in disregard for GC pool
[2019.04.07-20.48.26:750][  0]LogTcpMessaging: Initializing TcpMessaging bridge
[2019.04.07-20.48.26:786][  0]LogUdpMessaging: Initializing bridge on interface 0.0.0.0:0 to multicast group 230.0.0.1:6666.
[2019.04.07-20.48.27:246][  0]SourceControl: Source control is disabled
[2019.04.07-20.48.27:246][  0]SourceControl: Source control is disabled
[2019.04.07-20.48.27:268][  0]SourceControl: Source control is disabled
[2019.04.07-20.48.27:291][  0]SourceControl: Source control is disabled
[2019.04.07-20.48.27:890][  0]LogAndroidPermission: UAndroidPermissionCallbackProxy::GetInstance
[2019.04.07-20.48.28:088][  0]LogOcInput: OculusInput pre-init called
[2019.04.07-20.48.28:222][  0]LogEngine: Initializing Engine...
[2019.04.07-20.48.28:223][  0]LogHMD: Failed to initialize OpenVR with code 110
[2019.04.07-20.48.28:225][  0]LogStats: UGameplayTagsManager::ConstructGameplayTagTree: Construct from data asset -  0.000 s
[2019.04.07-20.48.28:225][  0]LogStats: UGameplayTagsManager::ConstructGameplayTagTree: GameplayTagTreeChangedEvent.Broadcast -  0.000 s
[2019.04.07-20.48.28:546][  0]LogAIModule: Creating AISystem for world Untitled
[2019.04.07-20.48.28:573][  0]LogInit: XAudio2 using 'Speakers (Conexant SmartAudio HD)' : 2 channels at 48 kHz using 32 bits per sample (channel mask 0x3)
[2019.04.07-20.48.28:638][  0]LogInit: FAudioDevice initialized.
[2019.04.07-20.48.28:782][  0]LogDerivedDataCache: Saved boot cache 0.14s 74MB C:/Users/Rone Caballero/AppData/Local/UnrealEngine/4.19/DerivedDataCache/Boot.ddc.
[2019.04.07-20.48.28:800][  0]LogInit: Texture streaming: Enabled
[2019.04.07-20.48.28:821][  0]LogEngineSessionManager: EngineSessionManager initialized
[2019.04.07-20.48.28:838][  0]LogInit: Transaction tracking system initialized
[2019.04.07-20.48.28:870][  0]BlueprintLog: New page: Editor Load
[2019.04.07-20.48.28:967][  0]LocalizationService: Localization service is disabled
[2019.04.07-20.48.29:107][  0]LogConsoleResponse: Display: 
[2019.04.07-20.48.29:337][  0]LogCook: Display: Max memory allowance for cook 16384mb min free memory 0mb
[2019.04.07-20.48.29:337][  0]LogCook: Display: Mobile HDR setting 1
[2019.04.07-20.48.29:337][  0]LogGameplayTags: Display: UGameplayTagsManager::DoneAddingNativeTags. DelegateIsBound: 0
[2019.04.07-20.48.29:337][  0]LogStats: UGameplayTagsManager::ConstructGameplayTagTree: Construct from data asset -  0.000 s
[2019.04.07-20.48.29:337][  0]LogStats: UGameplayTagsManager::ConstructGameplayTagTree: GameplayTagTreeChangedEvent.Broadcast -  0.000 s
[2019.04.07-20.48.29:830][  0]LogFileCache: Scanning file cache for directory 'C:/Users/Rone Caballero/Desktop/Projects/Unreal/Unreal2/Section03/BuildingEscape/Content/' took 0.02s
[2019.04.07-20.48.29:831][  0]SourceControl: Source control is disabled
[2019.04.07-20.48.29:831][  0]Cmd: MAP LOAD FILE="../../../../../../Users/Rone Caballero/Desktop/Projects/Unreal/Unreal2/Section03/BuildingEscape/Content/NewMap.umap" TEMPLATE=0 SHOWPROGRESS=1 FEATURELEVEL=3
[2019.04.07-20.48.29:841][  0]LightingResults: New page: Lighting Build
[2019.04.07-20.48.29:845][  0]MapCheck: New page: Map Check
[2019.04.07-20.48.29:845][  0]LightingResults: New page: Lighting Build
[2019.04.07-20.48.30:938][  0]LogAIModule: Creating AISystem for world NewMap
[2019.04.07-20.48.30:951][  0]LogEditorServer: Finished looking for orphan Actors (0.000 secs)
[2019.04.07-20.48.30:971][  0]Cmd: MAP CHECKDEP NOCLEARLOG
[2019.04.07-20.48.31:049][  0]MapCheck: Map check complete: 0 Error(s), 0 Warning(s), took 78.967ms to complete.
[2019.04.07-20.48.31:050][  0]LogFileHelpers: Loading map 'NewMap' took 1.218
[2019.04.07-20.48.31:637][  0]LogCollectionManager: Loaded 0 collections in 0.002601 seconds
[2019.04.07-20.48.31:709][  0]LogFileCache: Scanning file cache for directory 'C:/Users/Rone Caballero/Desktop/Projects/Unreal/Unreal2/Section03/BuildingEscape/Saved/Collections/' took 0.01s
[2019.04.07-20.48.31:709][  0]LogFileCache: Scanning file cache for directory 'C:/Users/Rone Caballero/Desktop/Projects/Unreal/Unreal2/Section03/BuildingEscape/Content/Developers/RoneCaballero/Collections/' took 0.01s
[2019.04.07-20.48.31:709][  0]LogFileCache: Scanning file cache for directory 'C:/Users/Rone Caballero/Desktop/Projects/Unreal/Unreal2/Section03/BuildingEscape/Content/Collections/' took 0.01s
[2019.04.07-20.48.31:709][  0]LogCollectionManager: Rebuilt the GUID cache for 0 collections in 0.000001 seconds
[2019.04.07-20.48.31:722][  0]LogContentBrowser: Native class hierarchy populated in 0.0118 seconds. Added 2457 classes and 562 folders.
[2019.04.07-20.48.31:741][  0]LogContentBrowser: Native class hierarchy updated for 'WidgetCarousel' in 0.0009 seconds. Added 0 classes and 0 folders.
[2019.04.07-20.48.32:264][  0]LogContentBrowser: Native class hierarchy updated for 'AddContentDialog' in 0.0009 seconds. Added 0 classes and 0 folders.
[2019.04.07-20.48.32:438][  0]LogContentBrowser: Native class hierarchy updated for 'HierarchicalLODOutliner' in 0.0012 seconds. Added 0 classes and 0 folders.
[2019.04.07-20.48.32:438][  0]LogLoad: (Engine Initialization) Total time: 17.45 seconds
[2019.04.07-20.48.32:438][  0]LogLoad: (Engine Initialization) Total Blueprint compile time: 0.00 seconds
[2019.04.07-20.48.32:805][  0]LogContentStreaming: Texture pool size now 1000 MB
[2019.04.07-20.48.32:806][  0]LogSlate: Took 0.000276 seconds to synchronously load lazily loaded font '../../../Engine/Content/Slate/Fonts/Roboto-Regular.ttf' (155K)
[2019.04.07-20.48.32:812][  0]LogSlate: Took 0.000311 seconds to synchronously load lazily loaded font '../../../Engine/Content/Slate/Fonts/Roboto-Bold.ttf' (160K)
[2019.04.07-20.48.32:824][  0]LogSlate: Took 0.009184 seconds to synchronously load lazily loaded font '../../../Engine/Content/Editor/Slate/Fonts/FontAwesome.ttf' (139K)
[2019.04.07-20.48.32:831][  0]LogSlate: Took 0.006313 seconds to synchronously load lazily loaded font '../../../Engine/Content/Slate/Fonts/DroidSansMono.ttf' (77K)
[2019.04.07-20.48.33:160][  2]LogRenderer: Reallocating scene render targets to support 648x360 Format 10 NumSamples 1 (Frame:1).
[2019.04.07-20.48.33:453][  2]LogAssetRegistry: Asset discovery search completed in 10.2403 seconds
[2019.04.07-20.48.33:456][  2]LogCollectionManager: Rebuilt the object cache for 0 collections in 0.000000 seconds (found 0 objects)
[2019.04.07-20.48.33:456][  2]LogCollectionManager: Fixed up redirectors for 0 collections in 0.000319 seconds (updated 0 objects)
[2019.04.07-20.49.14:403][123]LogRenderer: Reallocating scene render targets to support 648x564 Format 10 NumSamples 1 (Frame:5).
[2019.04.07-20.51.19:432][525]LogSlate: FSceneViewport::OnFocusLost() reason 0
[2019.04.07-20.51.19:466][525]LogSlate: Took 0.009475 seconds to synchronously load lazily loaded font '../../../Engine/Content/Slate/Fonts/Roboto-Light.ttf' (167K)
[2019.04.07-20.51.22:486][583]LogSlate: Took 0.000237 seconds to synchronously load lazily loaded font '../../../Engine/Content/Slate/Fonts/Roboto-Light.ttf' (167K)
[2019.04.07-20.51.23:106][583]LogContentBrowser: Native class hierarchy updated for 'BlueprintGraph' in 0.0031 seconds. Added 116 classes and 0 folders.
[2019.04.07-20.51.23:725][583]LogUObjectGlobals: Created PersistentFrame Addr=0x000001ae3d9ca068, Size=4, Default__SKEL_PROTO_BP_AnimBlueprint_0_C Function /Engine/Transient.SKEL_PROTO_BP_AnimBlueprint_0_C:ExecuteUbergraph_PROTO_BP_AnimBlueprint_0
[2019.04.07-20.51.23:726][583]LogUObjectGlobals: Created PersistentFrame Addr=0x000001ae3d9ca060, Size=4, Default__PROTO_BP_AnimBlueprint_0_C Function /Engine/Transient.PROTO_BP_AnimBlueprint_0_C:ExecuteUbergraph_PROTO_BP_AnimBlueprint_0
[2019.04.07-20.51.24:641][583]LogSlate: Took 0.007705 seconds to synchronously load lazily loaded font '../../../Engine/Content/Slate/Fonts/Roboto-BoldCondensed.ttf' (158K)
[2019.04.07-20.52.03:499][116]BlueprintLog: New page: Compile DefaultPawn_BP
[2019.04.07-20.52.08:559][372]Cmd: OBJ SAVEPACKAGE PACKAGE="/Game/DefaultPawn_BP" FILE="../../../../../../Users/Rone Caballero/Desktop/Projects/Unreal/Unreal2/Section03/BuildingEscape/Content/DefaultPawn_BP.uasset" SILENT=true
[2019.04.07-20.52.08:639][372]LogSavePackage: Save=34.27ms
[2019.04.07-20.52.08:639][372]LogSavePackage: Moving '../../../../../../Users/Rone Caballero/Desktop/Projects/Unreal/Unreal2/Section03/BuildingEscape/Saved/DefaultPawn_BPFD7A0CA946FE4B0D33919CBA59481D7E.tmp' to '../../../../../../Users/Rone Caballero/Desktop/Projects/Unreal/Unreal2/Section03/BuildingEscape/Content/DefaultPawn_BP.uasset'
[2019.04.07-20.52.08:650][372]LogSavePackage: Display: Finished SavePackage ../../../../../../Users/Rone Caballero/Desktop/Projects/Unreal/Unreal2/Section03/BuildingEscape/Content/DefaultPawn_BP.uasset
[2019.04.07-20.52.09:825][433]LogSlate: Window 'DefaultPawn_BP' being destroyed
[2019.04.07-20.52.12:699][589]LogTemp: Repeating last play command: Selected Viewport
[2019.04.07-20.52.12:723][589]LogPlayLevel: PlayLevel: No blueprints needed recompiling
[2019.04.07-20.52.12:725][589]PIE: New page: PIE session: NewMap (Apr 7, 2019, 6:52:12 AM)
[2019.04.07-20.52.12:726][589]LogPlayLevel: Creating play world package: /Game/UEDPIE_0_NewMap
[2019.04.07-20.52.12:738][589]LogPlayLevel: PIE: StaticDuplicateObject took: (0.012538s)
[2019.04.07-20.52.12:739][589]LogAIModule: Creating AISystem for world NewMap
[2019.04.07-20.52.12:740][589]LogPlayLevel: PIE: World Init took: (0.001998s)
[2019.04.07-20.52.12:740][589]LogPlayLevel: PIE: Created PIE world by copying editor world from /Game/NewMap.NewMap to /Game/UEDPIE_0_NewMap.NewMap (0.015936s)
[2019.04.07-20.52.12:773][589]LogInit: XAudio2 using 'Speakers (Conexant SmartAudio HD)' : 2 channels at 48 kHz using 32 bits per sample (channel mask 0x3)
[2019.04.07-20.52.12:792][589]LogInit: FAudioDevice initialized.
[2019.04.07-20.52.12:842][589]LogLoad: Game class is 'MyBuildingEscapeGameModeBase_C'
[2019.04.07-20.52.12:847][589]LogWorld: Bringing World /Game/UEDPIE_0_NewMap.NewMap up for play (max tick rate 60) at 2019.04.07-13.52.12
[2019.04.07-20.52.12:850][589]LogWorld: Bringing up level for play took: 0.004474
[2019.04.07-20.52.12:862][589]LogContentBrowser: Native class hierarchy updated for 'MovieSceneCapture' in 0.0013 seconds. Added 11 classes and 0 folders.
[2019.04.07-20.52.12:865][589]PIE: Play in editor start time for /Game/UEDPIE_0_NewMap -0.382
[2019.04.07-20.52.40:645][903]LogSlate: FSceneViewport::OnFocusLost() reason 0
[2019.04.07-20.52.44:661][ 12]LogSlate: Took 0.012058 seconds to synchronously load lazily loaded font '../../../Engine/Content/Slate/Fonts/Roboto-Italic.ttf' (157K)
[2019.04.07-20.55.08:072][798]LogClass: Warning: In asset 'None', there is an enum property of type 'ECanBeCharacterBase' with an invalid value of ''
[2019.04.07-20.55.08:073][798]LogClass: Warning: In asset 'None', there is an enum property of type 'ECanBeCharacterBase' with an invalid value of ''
[2019.04.07-20.55.21:306][ 33]BlueprintLog: New page: Compile DefaultPawn_BP
[2019.04.07-20.55.22:488][ 71]Cmd: OBJ SAVEPACKAGE PACKAGE="/Game/DefaultPawn_BP" FILE="../../../../../../Users/Rone Caballero/Desktop/Projects/Unreal/Unreal2/Section03/BuildingEscape/Content/DefaultPawn_BP.uasset" SILENT=true
[2019.04.07-20.55.22:536][ 71]LogSavePackage: Save=30.53ms
[2019.04.07-20.55.22:536][ 71]LogSavePackage: Moving '../../../../../../Users/Rone Caballero/Desktop/Projects/Unreal/Unreal2/Section03/BuildingEscape/Saved/DefaultPawn_BP38AB255A496235C0F36F7382B2A9A674.tmp' to '../../../../../../Users/Rone Caballero/Desktop/Projects/Unreal/Unreal2/Section03/BuildingEscape/Content/DefaultPawn_BP.uasset'
[2019.04.07-20.55.22:543][ 71]LogSavePackage: Display: Finished SavePackage ../../../../../../Users/Rone Caballero/Desktop/Projects/Unreal/Unreal2/Section03/BuildingEscape/Content/DefaultPawn_BP.uasset
[2019.04.07-20.55.25:109][208]LogSlate: Window 'DefaultPawn_BP' being destroyed
[2019.04.07-20.55.27:752][357]LogTemp: Repeating last play command: Selected Viewport
[2019.04.07-20.55.27:788][357]LogPlayLevel: PlayLevel: No blueprints needed recompiling
[2019.04.07-20.55.27:788][357]PIE: New page: PIE session: NewMap (Apr 7, 2019, 6:55:27 AM)
[2019.04.07-20.55.27:789][357]LogPlayLevel: Creating play world package: /Game/UEDPIE_0_NewMap
[2019.04.07-20.55.27:795][357]LogPlayLevel: PIE: StaticDuplicateObject took: (0.006475s)
[2019.04.07-20.55.27:797][357]LogAIModule: Creating AISystem for world NewMap
[2019.04.07-20.55.27:798][357]LogPlayLevel: PIE: World Init took: (0.002126s)
[2019.04.07-20.55.27:798][357]LogPlayLevel: PIE: Created PIE world by copying editor world from /Game/NewMap.NewMap to /Game/UEDPIE_0_NewMap.NewMap (0.009728s)
[2019.04.07-20.55.27:829][357]LogInit: XAudio2 using 'Speakers (Conexant SmartAudio HD)' : 2 channels at 48 kHz using 32 bits per sample (channel mask 0x3)
[2019.04.07-20.55.27:849][357]LogInit: FAudioDevice initialized.
[2019.04.07-20.55.27:883][357]LogLoad: Game class is 'MyBuildingEscapeGameModeBase_C'
[2019.04.07-20.55.27:885][357]LogWorld: Bringing World /Game/UEDPIE_0_NewMap.NewMap up for play (max tick rate 60) at 2019.04.07-13.55.27
[2019.04.07-20.55.27:886][357]LogWorld: Bringing up level for play took: 0.002604
[2019.04.07-20.55.27:888][357]PIE: Play in editor start time for /Game/UEDPIE_0_NewMap 0.641
[2019.04.07-20.56.21:055][845]LogSlate: FSceneViewport::OnFocusLost() reason 2
[2019.04.07-20.56.23:705][999]LogTemp: Repeating last play command: Selected Viewport
[2019.04.07-20.56.23:737][999]LogPlayLevel: PlayLevel: No blueprints needed recompiling
[2019.04.07-20.56.23:738][999]PIE: New page: PIE session: NewMap (Apr 7, 2019, 6:56:23 AM)
[2019.04.07-20.56.23:738][999]LogPlayLevel: Creating play world package: /Game/UEDPIE_0_NewMap
[2019.04.07-20.56.23:745][999]LogPlayLevel: PIE: StaticDuplicateObject took: (0.006619s)
[2019.04.07-20.56.23:747][999]LogAIModule: Creating AISystem for world NewMap
[2019.04.07-20.56.23:748][999]LogPlayLevel: PIE: World Init took: (0.002140s)
[2019.04.07-20.56.23:748][999]LogPlayLevel: PIE: Created PIE world by copying editor world from /Game/NewMap.NewMap to /Game/UEDPIE_0_NewMap.NewMap (0.010333s)
[2019.04.07-20.56.23:776][999]LogInit: XAudio2 using 'Speakers (Conexant SmartAudio HD)' : 2 channels at 48 kHz using 32 bits per sample (channel mask 0x3)
[2019.04.07-20.56.23:795][999]LogInit: FAudioDevice initialized.
[2019.04.07-20.56.23:796][999]LogSlate: FSceneViewport::OnFocusLost() reason 2
[2019.04.07-20.56.23:834][999]LogLoad: Game class is 'MyBuildingEscapeGameModeBase_C'
[2019.04.07-20.56.23:836][999]LogWorld: Bringing World /Game/UEDPIE_0_NewMap.NewMap up for play (max tick rate 60) at 2019.04.07-13.56.23
[2019.04.07-20.56.23:837][999]LogWorld: Bringing up level for play took: 0.002967
[2019.04.07-20.56.23:839][999]PIE: Play in editor start time for /Game/UEDPIE_0_NewMap 0.592
[2019.04.07-21.03.16:623][400]LogSlate: FSceneViewport::OnFocusLost() reason 2
[2019.04.07-21.03.17:905][472]Candidate modules for hot reload:
[2019.04.07-21.03.17:905][472]  BuildingEscape
[2019.04.07-21.03.17:905][472]Launching UnrealBuildTool... [C:/Program Files/Epic Games/UE_4.19/Engine/Binaries/DotNET/UnrealBuildTool.exe BuildingEscape -ModuleWithSuffix=BuildingEscape,8728 Win64 Development -editorrecompile -canskiplink "C:/Users/Rone Caballero/Desktop/Projects/Unreal/Unreal2/Section03/BuildingEscape/BuildingEscape.uproject" ]
[2019.04.07-21.03.17:911][472]Warning: Starting HotReload took  0.1s.
[2019.04.07-21.03.34:816][552]LogSlate: FSceneViewport::OnFocusLost() reason 2
[2019.04.07-21.04.12:578][740]CompilerResultsLog: New page: Compilation - Apr 7, 2019, 7:04:12 AM
[2019.04.07-21.04.12:579][740]CompilerResultsLog: Compiling game modules for hot reload
[2019.04.07-21.04.12:580][740]CompilerResultsLog: Parsing headers for BuildingEscapeEditor
[2019.04.07-21.04.12:580][740]CompilerResultsLog:   Running UnrealHeaderTool "C:\Users\Rone Caballero\Desktop\Projects\Unreal\Unreal2\Section03\BuildingEscape\BuildingEscape.uproject" "C:\Users\Rone Caballero\Desktop\Projects\Unreal\Unreal2\Section03\BuildingEscape\Intermediate\Build\Win64\BuildingEscapeEditor\Development\BuildingEscapeEditor.uhtmanifest" -LogCmds="loginit warning, logexit warning, logdatabase error" -Unattended -WarningsAsErrors -installed
[2019.04.07-21.04.12:582][740]CompilerResultsLog: Reflection code generated for BuildingEscapeEditor in 30.399315 seconds
[2019.04.07-21.04.12:582][740]CompilerResultsLog: Performing 4 actions (2 in parallel)
[2019.04.07-21.04.12:582][740]CompilerResultsLog: OpenDoor.gen.cpp
[2019.04.07-21.04.12:583][740]CompilerResultsLog: OpenDoor.cpp
[2019.04.07-21.04.12:583][740]CompilerResultsLog: [3/4] Link UE4Editor-BuildingEscape-8728.dll
[2019.04.07-21.04.12:583][740]CompilerResultsLog: [4/4] Link UE4Editor-BuildingEscape-8728.lib
[2019.04.07-21.04.12:583][740]CompilerResultsLog:    Creating library C:\Users\Rone Caballero\Desktop\Projects\Unreal\Unreal2\Section03\BuildingEscape\Intermediate\Build\Win64\UE4Editor\Development\UE4Editor-BuildingEscape-8728.lib and object C:\Users\Rone Caballero\Desktop\Projects\Unreal\Unreal2\Section03\BuildingEscape\Intermediate\Build\Win64\UE4Editor\Development\UE4Editor-BuildingEscape-8728.exp
[2019.04.07-21.04.12:585][740]CompilerResultsLog:    Creating library C:\Users\Rone Caballero\Desktop\Projects\Unreal\Unreal2\Section03\BuildingEscape\Intermediate\Build\Win64\UE4Editor\Development\UE4Editor-BuildingEscape-8728.suppressed.lib and object C:\Users\Rone Caballero\Desktop\Projects\Unreal\Unreal2\Section03\BuildingEscape\Intermediate\Build\Win64\UE4Editor\Development\UE4Editor-BuildingEscape-8728.suppressed.exp
[2019.04.07-21.04.12:586][740]CompilerResultsLog: Total build time: 54.12 seconds (Local executor: 21.30 seconds)
[2019.04.07-21.04.12:586][740]LogMainFrame: MainFrame: Module compiling took 54.687 seconds
[2019.04.07-21.04.12:664][740]LogClass: Could not find existing class OpenDoor in package /Script/BuildingEscape for HotReload, assuming new class
[2019.04.07-21.04.12:672][740]LogHotReload: Re-instancing OpenDoor after hot-reload.
[2019.04.07-21.04.12:752][740]LogContentBrowser: Native class hierarchy updated for 'BuildingEscape' in 0.0010 seconds. Added 4 classes and 2 folders.
[2019.04.07-21.04.12:756][740]Display: HotReload successful (0 functions remapped  0 scriptstructs remapped)
[2019.04.07-21.04.13:251][740]LogContentBrowser: Native class hierarchy populated in 0.0121 seconds. Added 2457 classes and 562 folders.
[2019.04.07-21.04.13:256][740]Display: HotReload took 55.4s.
[2019.04.07-21.04.21:672][240]LogTemp: Repeating last play command: Selected Viewport
[2019.04.07-21.04.21:701][240]LogPlayLevel: PlayLevel: No blueprints needed recompiling
[2019.04.07-21.04.21:702][240]PIE: New page: PIE session: NewMap (Apr 7, 2019, 7:04:21 AM)
[2019.04.07-21.04.21:702][240]LogPlayLevel: Creating play world package: /Game/UEDPIE_0_NewMap
[2019.04.07-21.04.21:708][240]LogPlayLevel: PIE: StaticDuplicateObject took: (0.005061s)
[2019.04.07-21.04.21:710][240]LogAIModule: Creating AISystem for world NewMap
[2019.04.07-21.04.21:710][240]LogPlayLevel: PIE: World Init took: (0.001796s)
[2019.04.07-21.04.21:710][240]LogPlayLevel: PIE: Created PIE world by copying editor world from /Game/NewMap.NewMap to /Game/UEDPIE_0_NewMap.NewMap (0.008087s)
[2019.04.07-21.04.21:796][240]LogInit: XAudio2 using 'Speakers (Conexant SmartAudio HD)' : 2 channels at 48 kHz using 32 bits per sample (channel mask 0x3)
[2019.04.07-21.04.21:812][240]LogInit: FAudioDevice initialized.
[2019.04.07-21.04.21:849][240]LogLoad: Game class is 'MyBuildingEscapeGameModeBase_C'
[2019.04.07-21.04.21:852][240]LogWorld: Bringing World /Game/UEDPIE_0_NewMap.NewMap up for play (max tick rate 60) at 2019.04.07-14.04.21
[2019.04.07-21.04.21:853][240]LogWorld: Bringing up level for play took: 0.002705
[2019.04.07-21.04.21:856][240]PIE: Play in editor start time for /Game/UEDPIE_0_NewMap 0.609
