Log file open, 04/02/19 16:25:16
LogWindows: Failed to load 'aqProf.dll' (GetLastError=126)
LogWindows: File 'aqProf.dll' does not exist
LogWindows: Failed to load 'VtuneApi.dll' (GetLastError=126)
LogWindows: File 'VtuneApi.dll' does not exist
LogWindows: Failed to load 'VtuneApi32e.dll' (GetLastError=126)
LogWindows: File 'VtuneApi32e.dll' does not exist
LogInit: Display: Running engine for game: BuildingEscape
LogPlatformFile: Not using cached read wrapper
LogInit: Display: RandInit(-233982327) SRandInit(-233982327).
LogInit: Read version file with build ID '3944462'
LogInit: Overriding engine version to CL 4033788, compatible CL 3944462
LogInit: Registered custom module enumerator with build ID '3944462'
LogTaskGraph: Started task graph with 5 named threads and 11 total threads with 3 sets of task threads.
LogStats: Stats thread started at 0.178411
LogD3D11RHI: Aftermath initialized
LogICUInternationalization: Display: ICU TimeZone Detection - Raw Offset: -8:00, Platform Override: ''
LogPluginManager: Mounting plugin Paper2D
LogPluginManager: Mounting plugin LiveLink
LogPluginManager: Mounting plugin LightPropagationVolume
LogPluginManager: Mounting plugin CLionSourceCodeAccess
LogPluginManager: Mounting plugin CodeLiteSourceCodeAccess
LogPluginManager: Mounting plugin GitSourceControl
LogPluginManager: Mounting plugin KDevelopSourceCodeAccess
LogPluginManager: Mounting plugin NullSourceCodeAccess
LogPluginManager: Mounting plugin PerforceSourceControl
LogPluginManager: Mounting plugin SubversionSourceControl
LogPluginManager: Mounting plugin UObjectPlugin
LogPluginManager: Mounting plugin VisualStudioCodeSourceCodeAccess
LogPluginManager: Mounting plugin VisualStudioSourceCodeAccess
LogPluginManager: Mounting plugin XCodeSourceCodeAccess
LogPluginManager: Mounting plugin AssetManagerEditor
LogPluginManager: Mounting plugin CryptoKeys
LogPluginManager: Mounting plugin DataValidation
LogPluginManager: Mounting plugin FacialAnimation
LogPluginManager: Mounting plugin GameplayTagsEditor
LogPluginManager: Mounting plugin MobileLauncherProfileWizard
LogPluginManager: Mounting plugin PluginBrowser
LogPluginManager: Mounting plugin SpeedTreeImporter
LogPluginManager: Mounting plugin DatasmithContent
LogPluginManager: Mounting plugin AlembicImporter
LogPluginManager: Mounting plugin CharacterAI
LogPluginManager: Mounting plugin HTML5Networking
LogPluginManager: Mounting plugin AndroidMedia
LogPluginManager: Mounting plugin AvfMedia
LogPluginManager: Mounting plugin ImgMedia
LogPluginManager: Mounting plugin LinearTimecode
LogPluginManager: Mounting plugin MediaCompositing
LogPluginManager: Mounting plugin MediaPlayerEditor
LogPluginManager: Mounting plugin WmfMedia
LogPluginManager: Mounting plugin TcpMessaging
LogPluginManager: Mounting plugin UdpMessaging
LogPluginManager: Mounting plugin ActorSequence
LogPluginManager: Mounting plugin LevelSequenceEditor
LogPluginManager: Mounting plugin MatineeToLevelSequence
LogPluginManager: Mounting plugin NetcodeUnitTest
LogPluginManager: Mounting plugin NUTUnrealEngine4
LogPluginManager: Mounting plugin OnlineSubsystemGooglePlay
LogPluginManager: Mounting plugin OnlineSubsystemIOS
LogPluginManager: Mounting plugin OnlineSubsystem
LogPluginManager: Mounting plugin OnlineSubsystemNull
LogPluginManager: Mounting plugin OnlineSubsystemUtils
LogPluginManager: Mounting plugin AndroidDeviceProfileSelector
LogPluginManager: Mounting plugin AndroidMoviePlayer
LogPluginManager: Mounting plugin AndroidPermission
LogPluginManager: Mounting plugin AppleARKit
LogPluginManager: Mounting plugin AppleMoviePlayer
LogPluginManager: Mounting plugin ArchVisCharacter
LogPluginManager: Mounting plugin AudioCapture
LogPluginManager: Mounting plugin CableComponent
LogPluginManager: Mounting plugin CustomMeshComponent
LogPluginManager: Mounting plugin ExampleDeviceProfileSelector
LogPluginManager: Mounting plugin GoogleCloudMessaging
LogPluginManager: Mounting plugin ImmediatePhysics
LogPluginManager: Mounting plugin IOSDeviceProfileSelector
LogPluginManager: Mounting plugin LinuxDeviceProfileSelector
LogPluginManager: Mounting plugin LocationServicesBPLibrary
LogPluginManager: Mounting plugin MobilePatchingUtils
LogPluginManager: Mounting plugin OculusVR
LogPluginManager: Plugin shader directory ../../../Engine/Plugins/Runtime/Oculus/OculusVR/Shaders found
LogPluginManager: Mapping shader source directory ../../../Engine/Plugins/Runtime/Oculus/OculusVR/Shaders to virtual directory /Plugin/OculusVR
LogPluginManager: Mounting plugin PhysXVehicles
LogPluginManager: Mounting plugin ProceduralMeshComponent
LogPluginManager: Mounting plugin RuntimePhysXCooking
LogPluginManager: Mounting plugin SteamVR
LogPluginManager: Mounting plugin WindowsMoviePlayer
LogStreaming: Display: Took  0.173s to configure plugins.
LogModuleManager: Display: Found up-to-date module file ../../../../../../Users/Rone Caballero/Desktop/Projects/Unreal/Unreal2/Section03/BuildingEscape/Binaries/Win64/UE4Editor-BuildingEscape.dll (API version 3944462).
LogModuleManager: Display: Found up-to-date module file ../../../Engine/Plugins/2D/Paper2D/Binaries/Win64/UE4Editor-Paper2D.dll (API version 3944462).
LogModuleManager: Display: Found up-to-date module file ../../../Engine/Plugins/2D/Paper2D/Binaries/Win64/UE4Editor-Paper2DEditor.dll (API version 3944462).
LogModuleManager: Display: Found up-to-date module file ../../../Engine/Plugins/2D/Paper2D/Binaries/Win64/UE4Editor-PaperSpriteSheetImporter.dll (API version 3944462).
LogModuleManager: Display: Found up-to-date module file ../../../Engine/Plugins/2D/Paper2D/Binaries/Win64/UE4Editor-PaperTiledImporter.dll (API version 3944462).
LogModuleManager: Display: Found up-to-date module file ../../../Engine/Plugins/2D/Paper2D/Binaries/Win64/UE4Editor-SmartSnapping.dll (API version 3944462).
LogModuleManager: Display: Found up-to-date module file ../../../Engine/Plugins/Animation/LiveLink/Binaries/Win64/UE4Editor-LiveLink.dll (API version 3944462).
LogModuleManager: Display: Found up-to-date module file ../../../Engine/Plugins/Animation/LiveLink/Binaries/Win64/UE4Editor-LiveLinkEditor.dll (API version 3944462).
LogModuleManager: Display: Found up-to-date module file ../../../Engine/Plugins/Blendables/LightPropagationVolume/Binaries/Win64/UE4Editor-LightPropagationVolumeRuntime.dll (API version 3944462).
LogModuleManager: Display: Found up-to-date module file ../../../Engine/Plugins/Blendables/LightPropagationVolume/Binaries/Win64/UE4Editor-LightPropagationVolumeEditor.dll (API version 3944462).
LogModuleManager: Display: Found up-to-date module file ../../../Engine/Plugins/Developer/CLionSourceCodeAccess/Binaries/Win64/UE4Editor-CLionSourceCodeAccess.dll (API version 3944462).
LogModuleManager: Display: Found up-to-date module file ../../../Engine/Plugins/Developer/GitSourceControl/Binaries/Win64/UE4Editor-GitSourceControl.dll (API version 3944462).
LogModuleManager: Display: Found up-to-date module file ../../../Engine/Plugins/Developer/PerforceSourceControl/Binaries/Win64/UE4Editor-PerforceSourceControl.dll (API version 3944462).
LogModuleManager: Display: Found up-to-date module file ../../../Engine/Plugins/Developer/SubversionSourceControl/Binaries/Win64/UE4Editor-SubversionSourceControl.dll (API version 3944462).
LogModuleManager: Display: Found up-to-date module file ../../../Engine/Plugins/Developer/UObjectPlugin/Binaries/Win64/UE4Editor-UObjectPlugin.dll (API version 3944462).
LogModuleManager: Display: Found up-to-date module file ../../../Engine/Plugins/Developer/VisualStudioCodeSourceCodeAccess/Binaries/Win64/UE4Editor-VisualStudioCodeSourceCodeAccess.dll (API version 3944462).
LogModuleManager: Display: Found up-to-date module file ../../../Engine/Plugins/Developer/VisualStudioSourceCodeAccess/Binaries/Win64/UE4Editor-VisualStudioSourceCodeAccess.dll (API version 3944462).
LogModuleManager: Display: Found up-to-date module file ../../../Engine/Plugins/Editor/AssetManagerEditor/Binaries/Win64/UE4Editor-AssetManagerEditor.dll (API version 3944462).
LogModuleManager: Display: Found up-to-date module file ../../../Engine/Plugins/Editor/CryptoKeys/Binaries/Win64/UE4Editor-CryptoKeys.dll (API version 3944462).
LogModuleManager: Display: Found up-to-date module file ../../../Engine/Plugins/Editor/CryptoKeys/Binaries/Win64/UE4Editor-CryptoKeysOpenSSL.dll (API version 3944462).
LogModuleManager: Display: Found up-to-date module file ../../../Engine/Plugins/Editor/DataValidation/Binaries/Win64/UE4Editor-DataValidation.dll (API version 3944462).
LogModuleManager: Display: Found up-to-date module file ../../../Engine/Plugins/Editor/FacialAnimation/Binaries/Win64/UE4Editor-FacialAnimation.dll (API version 3944462).
LogModuleManager: Display: Found up-to-date module file ../../../Engine/Plugins/Editor/FacialAnimation/Binaries/Win64/UE4Editor-FacialAnimationEditor.dll (API version 3944462).
LogModuleManager: Display: Found up-to-date module file ../../../Engine/Plugins/Editor/GameplayTagsEditor/Binaries/Win64/UE4Editor-GameplayTagsEditor.dll (API version 3944462).
LogModuleManager: Display: Found up-to-date module file ../../../Engine/Plugins/Editor/MobileLauncherProfileWizard/Binaries/Win64/UE4Editor-MobileLauncherProfileWizard.dll (API version 3944462).
LogModuleManager: Display: Found up-to-date module file ../../../Engine/Plugins/Editor/PluginBrowser/Binaries/Win64/UE4Editor-PluginBrowser.dll (API version 3944462).
LogModuleManager: Display: Found up-to-date module file ../../../Engine/Plugins/Editor/SpeedTreeImporter/Binaries/Win64/UE4Editor-SpeedTreeImporter.dll (API version 3944462).
LogModuleManager: Display: Found up-to-date module file ../../../Engine/Plugins/Enterprise/DatasmithContent/Binaries/Win64/UE4Editor-DatasmithContent.dll (API version 3944462).
LogModuleManager: Display: Found up-to-date module file ../../../Engine/Plugins/Experimental/AlembicImporter/Binaries/Win64/UE4Editor-AlembicImporter.dll (API version 3944462).
LogModuleManager: Display: Found up-to-date module file ../../../Engine/Plugins/Experimental/AlembicImporter/Binaries/Win64/UE4Editor-AlembicLibrary.dll (API version 3944462).
LogModuleManager: Display: Found up-to-date module file ../../../Engine/Plugins/Experimental/CharacterAI/Binaries/Win64/UE4Editor-CharacterAI.dll (API version 3944462).
LogModuleManager: Display: Found up-to-date module file ../../../Engine/Plugins/Experimental/HTML5Networking/Binaries/Win64/UE4Editor-HTML5Networking.dll (API version 3944462).
LogModuleManager: Display: Found up-to-date module file ../../../Engine/Plugins/Media/AndroidMedia/Binaries/Win64/UE4Editor-AndroidMediaEditor.dll (API version 3944462).
LogModuleManager: Display: Found up-to-date module file ../../../Engine/Plugins/Media/AndroidMedia/Binaries/Win64/UE4Editor-AndroidMediaFactory.dll (API version 3944462).
LogModuleManager: Display: Found up-to-date module file ../../../Engine/Plugins/Media/AvfMedia/Binaries/Win64/UE4Editor-AvfMediaEditor.dll (API version 3944462).
LogModuleManager: Display: Found up-to-date module file ../../../Engine/Plugins/Media/AvfMedia/Binaries/Win64/UE4Editor-AvfMediaFactory.dll (API version 3944462).
LogModuleManager: Display: Found up-to-date module file ../../../Engine/Plugins/Media/AvfMedia/Binaries/Win64/UE4Editor-AvfMediaFactory.dll (API version 3944462).
LogModuleManager: Display: Found up-to-date module file ../../../Engine/Plugins/Media/ImgMedia/Binaries/Win64/UE4Editor-ImgMedia.dll (API version 3944462).
LogModuleManager: Display: Found up-to-date module file ../../../Engine/Plugins/Media/ImgMedia/Binaries/Win64/UE4Editor-ImgMediaEditor.dll (API version 3944462).
LogModuleManager: Display: Found up-to-date module file ../../../Engine/Plugins/Media/ImgMedia/Binaries/Win64/UE4Editor-ImgMediaFactory.dll (API version 3944462).
LogModuleManager: Display: Found up-to-date module file ../../../Engine/Plugins/Media/ImgMedia/Binaries/Win64/UE4Editor-ImgMediaFactory.dll (API version 3944462).
LogModuleManager: Display: Found up-to-date module file ../../../Engine/Plugins/Media/ImgMedia/Binaries/Win64/UE4Editor-OpenExrWrapper.dll (API version 3944462).
LogModuleManager: Display: Found up-to-date module file ../../../Engine/Plugins/Media/LinearTimecode/Binaries/Win64/UE4Editor-LinearTimecode.dll (API version 3944462).
LogModuleManager: Display: Found up-to-date module file ../../../Engine/Plugins/Media/MediaCompositing/Binaries/Win64/UE4Editor-MediaCompositing.dll (API version 3944462).
LogModuleManager: Display: Found up-to-date module file ../../../Engine/Plugins/Media/MediaCompositing/Binaries/Win64/UE4Editor-MediaCompositingEditor.dll (API version 3944462).
LogModuleManager: Display: Found up-to-date module file ../../../Engine/Plugins/Media/MediaPlayerEditor/Binaries/Win64/UE4Editor-MediaPlayerEditor.dll (API version 3944462).
LogModuleManager: Display: Found up-to-date module file ../../../Engine/Plugins/Media/WmfMedia/Binaries/Win64/UE4Editor-WmfMedia.dll (API version 3944462).
LogModuleManager: Display: Found up-to-date module file ../../../Engine/Plugins/Media/WmfMedia/Binaries/Win64/UE4Editor-WmfMediaEditor.dll (API version 3944462).
LogModuleManager: Display: Found up-to-date module file ../../../Engine/Plugins/Media/WmfMedia/Binaries/Win64/UE4Editor-WmfMediaFactory.dll (API version 3944462).
LogModuleManager: Display: Found up-to-date module file ../../../Engine/Plugins/Media/WmfMedia/Binaries/Win64/UE4Editor-WmfMediaFactory.dll (API version 3944462).
LogModuleManager: Display: Found up-to-date module file ../../../Engine/Plugins/Messaging/TcpMessaging/Binaries/Win64/UE4Editor-TcpMessaging.dll (API version 3944462).
LogModuleManager: Display: Found up-to-date module file ../../../Engine/Plugins/Messaging/UdpMessaging/Binaries/Win64/UE4Editor-UdpMessaging.dll (API version 3944462).
LogModuleManager: Display: Found up-to-date module file ../../../Engine/Plugins/MovieScene/ActorSequence/Binaries/Win64/UE4Editor-ActorSequence.dll (API version 3944462).
LogModuleManager: Display: Found up-to-date module file ../../../Engine/Plugins/MovieScene/LevelSequenceEditor/Binaries/Win64/UE4Editor-LevelSequenceEditor.dll (API version 3944462).
LogModuleManager: Display: Found up-to-date module file ../../../Engine/Plugins/MovieScene/MatineeToLevelSequence/Binaries/Win64/UE4Editor-MatineeToLevelSequence.dll (API version 3944462).
LogModuleManager: Display: Found up-to-date module file ../../../Engine/Plugins/NetcodeUnitTest/NetcodeUnitTest/Binaries/Win64/UE4Editor-NetcodeUnitTest.dll (API version 3944462).
LogModuleManager: Display: Found up-to-date module file ../../../Engine/Plugins/NetcodeUnitTest/NUTUnrealEngine4/Binaries/Win64/UE4Editor-NUTUnrealEngine4.dll (API version 3944462).
LogModuleManager: Display: Found up-to-date module file ../../../Engine/Plugins/Online/OnlineSubsystem/Binaries/Win64/UE4Editor-OnlineSubsystem.dll (API version 3944462).
LogModuleManager: Display: Found up-to-date module file ../../../Engine/Plugins/Online/OnlineSubsystemNull/Binaries/Win64/UE4Editor-OnlineSubsystemNull.dll (API version 3944462).
LogModuleManager: Display: Found up-to-date module file ../../../Engine/Plugins/Online/OnlineSubsystemUtils/Binaries/Win64/UE4Editor-OnlineSubsystemUtils.dll (API version 3944462).
LogModuleManager: Display: Found up-to-date module file ../../../Engine/Plugins/Online/OnlineSubsystemUtils/Binaries/Win64/UE4Editor-OnlineBlueprintSupport.dll (API version 3944462).
LogModuleManager: Display: Found up-to-date module file ../../../Engine/Plugins/Runtime/AndroidDeviceProfileSelector/Binaries/Win64/UE4Editor-AndroidDeviceProfileSelector.dll (API version 3944462).
LogModuleManager: Display: Found up-to-date module file ../../../Engine/Plugins/Runtime/AndroidPermission/Binaries/Win64/UE4Editor-AndroidPermission.dll (API version 3944462).
LogModuleManager: Display: Found up-to-date module file ../../../Engine/Plugins/Runtime/AppleARKit/Binaries/Win64/UE4Editor-AppleARKit.dll (API version 3944462).
LogModuleManager: Display: Found up-to-date module file ../../../Engine/Plugins/Runtime/ArchVisCharacter/Binaries/Win64/UE4Editor-ArchVisCharacter.dll (API version 3944462).
LogModuleManager: Display: Found up-to-date module file ../../../Engine/Plugins/Runtime/AudioCapture/Binaries/Win64/UE4Editor-AudioCapture.dll (API version 3944462).
LogModuleManager: Display: Found up-to-date module file ../../../Engine/Plugins/Runtime/AudioCapture/Binaries/Win64/UE4Editor-AudioCaptureEditor.dll (API version 3944462).
LogModuleManager: Display: Found up-to-date module file ../../../Engine/Plugins/Runtime/CableComponent/Binaries/Win64/UE4Editor-CableComponent.dll (API version 3944462).
LogModuleManager: Display: Found up-to-date module file ../../../Engine/Plugins/Runtime/CustomMeshComponent/Binaries/Win64/UE4Editor-CustomMeshComponent.dll (API version 3944462).
LogModuleManager: Display: Found up-to-date module file ../../../Engine/Plugins/Runtime/ExampleDeviceProfileSelector/Binaries/Win64/UE4Editor-ExampleDeviceProfileSelector.dll (API version 3944462).
LogModuleManager: Display: Found up-to-date module file ../../../Engine/Plugins/Runtime/ImmediatePhysics/Binaries/Win64/UE4Editor-ImmediatePhysics.dll (API version 3944462).
LogModuleManager: Display: Found up-to-date module file ../../../Engine/Plugins/Runtime/ImmediatePhysics/Binaries/Win64/UE4Editor-ImmediatePhysicsEditor.dll (API version 3944462).
LogModuleManager: Display: Found up-to-date module file ../../../Engine/Plugins/Runtime/LocationServicesBPLibrary/Binaries/Win64/UE4Editor-LocationServicesBPLibrary.dll (API version 3944462).
LogModuleManager: Display: Found up-to-date module file ../../../Engine/Plugins/Runtime/MobilePatchingUtils/Binaries/Win64/UE4Editor-MobilePatchingUtils.dll (API version 3944462).
LogModuleManager: Display: Found up-to-date module file ../../../Engine/Plugins/Runtime/Oculus/OculusVR/Binaries/Win64/UE4Editor-OculusHMD.dll (API version 3944462).
LogModuleManager: Display: Found up-to-date module file ../../../Engine/Plugins/Runtime/Oculus/OculusVR/Binaries/Win64/UE4Editor-OculusInput.dll (API version 3944462).
LogModuleManager: Display: Found up-to-date module file ../../../Engine/Plugins/Runtime/Oculus/OculusVR/Binaries/Win64/UE4Editor-OculusEditor.dll (API version 3944462).
LogModuleManager: Display: Found up-to-date module file ../../../Engine/Plugins/Runtime/PhysXVehicles/Binaries/Win64/UE4Editor-PhysXVehicles.dll (API version 3944462).
LogModuleManager: Display: Found up-to-date module file ../../../Engine/Plugins/Runtime/PhysXVehicles/Binaries/Win64/UE4Editor-PhysXVehiclesEditor.dll (API version 3944462).
LogModuleManager: Display: Found up-to-date module file ../../../Engine/Plugins/Runtime/ProceduralMeshComponent/Binaries/Win64/UE4Editor-ProceduralMeshComponent.dll (API version 3944462).
LogModuleManager: Display: Found up-to-date module file ../../../Engine/Plugins/Runtime/ProceduralMeshComponent/Binaries/Win64/UE4Editor-ProceduralMeshComponentEditor.dll (API version 3944462).
LogModuleManager: Display: Found up-to-date module file ../../../Engine/Plugins/Runtime/RuntimePhysXCooking/Binaries/Win64/UE4Editor-RuntimePhysXCooking.dll (API version 3944462).
LogModuleManager: Display: Found up-to-date module file ../../../Engine/Plugins/Runtime/Steam/SteamVR/Binaries/Win64/UE4Editor-SteamVR.dll (API version 3944462).
LogModuleManager: Display: Found up-to-date module file ../../../Engine/Plugins/Runtime/Steam/SteamVR/Binaries/Win64/UE4Editor-SteamVRController.dll (API version 3944462).
LogModuleManager: Display: Found up-to-date module file ../../../Engine/Plugins/Runtime/WindowsMoviePlayer/Binaries/Win64/UE4Editor-WindowsMoviePlayer.dll (API version 3944462).
LogInit: Using libcurl 7.47.1
LogInit:  - built for x86_64-pc-win32
LogInit:  - supports SSL with OpenSSL/1.0.2g
LogInit:  - supports HTTP deflate (compression) using libz 1.2.8
LogInit:  - other features:
LogInit:      CURL_VERSION_SSL
LogInit:      CURL_VERSION_LIBZ
LogInit:      CURL_VERSION_IPV6
LogInit:      CURL_VERSION_ASYNCHDNS
LogInit:      CURL_VERSION_LARGEFILE
LogInit:      CURL_VERSION_IDN
LogInit:  CurlRequestOptions (configurable via config and command line):
LogInit:  - bVerifyPeer = false  - Libcurl will NOT verify peer certificate
LogInit:  - bUseHttpProxy = false  - Libcurl will NOT use HTTP proxy
LogInit:  - bDontReuseConnections = false  - Libcurl will reuse connections
LogInit:  - CertBundlePath = nullptr  - Libcurl will use whatever was configured at build time.
LogInit:  - MaxHostConnections = 16  - Libcurl will limit the number of connections to a host
LogInit:  - LocalHostAddr = Default
LogInit: WinSock: version 1.1 (2.2), MaxSocks=32767, MaxUdp=65467
LogInit: WinSock: I am DESKTOP-KJH4Q5H (192.168.117.1:0)
LogInit: Build: ++UE4+Release-4.19-CL-4033788
LogInit: Engine Version: 4.19.2-4033788+++UE4+Release-4.19
LogInit: Compatible Engine Version: 4.19.0-3944462+++UE4+Release-4.19
LogInit: Net CL: 3944462
LogDevObjectVersion: Number of dev versions registered: 18
LogDevObjectVersion:   Dev-Blueprints (B0D832E4-1F89-4F0D-ACCF-7EB736FD4AA2): 10
LogDevObjectVersion:   Dev-Build (E1C64328-A22C-4D53-A36C-8E866417BD8C): 0
LogDevObjectVersion:   Dev-Core (375EC13C-06E4-48FB-B500-84F0262A717E): 2
LogDevObjectVersion:   Dev-Editor (E4B068ED-F494-42E9-A231-DA0B2E46BB41): 23
LogDevObjectVersion:   Dev-Framework (CFFC743F-43B0-4480-9391-14DF171D2073): 33
LogDevObjectVersion:   Dev-Mobile (B02B49B5-BB20-44E9-A304-32B752E40360): 2
LogDevObjectVersion:   Dev-Networking (A4E4105C-59A1-49B5-A7C5-40C4547EDFEE): 0
LogDevObjectVersion:   Dev-Online (39C831C9-5AE6-47DC-9A44-9C173E1C8E7C): 0
LogDevObjectVersion:   Dev-Physics (78F01B33-EBEA-4F98-B9B4-84EACCB95AA2): 0
LogDevObjectVersion:   Dev-Platform (6631380F-2D4D-43E0-8009-CF276956A95A): 0
LogDevObjectVersion:   Dev-Rendering (12F88B9F-8875-4AFC-A67C-D90C383ABD29): 25
LogDevObjectVersion:   Dev-Sequencer (7B5AE74C-D270-4C10-A958-57980B212A5A): 6
LogDevObjectVersion:   Dev-VR (D7296918-1DD6-4BDD-9DE2-64A83CC13884): 1
LogDevObjectVersion:   Dev-LoadTimes (C2A15278-BFE7-4AFE-6C17-90FF531DF755): 1
LogDevObjectVersion:   Private-Geometry (6EACA3D4-40EC-4CC1-B786-8BED09428FC5): 2
LogDevObjectVersion:   Dev-AnimPhys (29E575DD-E0A3-4627-9D10-D276232CDCEA): 16
LogDevObjectVersion:   Dev-ReflectionCapture (6B266CEC-1EC7-4B8F-A30B-E4D90942FC07): 1
LogDevObjectVersion:   Dev-Automation (0DF73D61-A23F-47EA-B727-89E90C41499A): 1
LogInit: Compiled (64-bit): Apr 27 2018 02:06:57
LogInit: Compiled with Visual C++: 19.00.24215.01
LogInit: Build Configuration: Development
LogInit: Branch Name: ++UE4+Release-4.19
LogInit: Command Line: 
LogInit: Base Directory: C:/Program Files/Epic Games/UE_4.19/Engine/Binaries/Win64/
LogInit: Installed Engine Build: 1
LogStreaming: Display: Took  0.006s to delete old logs.
LogInit: Presizing for max 8388607 objects, including 0 objects not considered by GC, pre-allocating 0 bytes for permanent pool.
LogInit: Object subsystem initialized
[2019.04.02-23.25.19:495][  0]LogInit: Selected Device Profile: [Windows]
[2019.04.02-23.25.19:495][  0]LogInit: Applying CVar settings loaded from the selected device profile: [Windows]
[2019.04.02-23.25.19:527][  0]LogInit: Computer: DESKTOP-KJH4Q5H
[2019.04.02-23.25.19:527][  0]LogInit: User: RoneCaballero
[2019.04.02-23.25.19:527][  0]LogInit: CPU Page size=4096, Cores=2
[2019.04.02-23.25.19:527][  0]LogInit: High frequency timer resolution =2.343755 MHz
[2019.04.02-23.25.19:527][  0]LogMemory: Memory total: Physical=7.8GB (8GB approx)
[2019.04.02-23.25.19:527][  0]LogMemory: Platform Memory Stats for Windows
[2019.04.02-23.25.19:527][  0]LogMemory: Process Physical Memory: 273.36 MB used, 273.36 MB peak
[2019.04.02-23.25.19:527][  0]LogMemory: Process Virtual Memory: 265.88 MB used, 265.88 MB peak
[2019.04.02-23.25.19:527][  0]LogMemory: Physical Memory: 5078.12 MB used,  2871.13 MB free, 7949.25 MB total
[2019.04.02-23.25.19:527][  0]LogMemory: Virtual Memory: 4778.47 MB used,  2871.13 MB free, 134217728.00 MB total
[2019.04.02-23.25.19:555][  0]LogInit: Using OS detected language (en-GB).
[2019.04.02-23.25.19:555][  0]LogInit: Using OS detected locale (en-US).
[2019.04.02-23.25.19:562][  0]LogTextLocalizationManager: No specific localization for 'en-GB' exists, so the 'en' localization will be used.
[2019.04.02-23.25.20:145][  0]LogStreaming: Display: Took  0.591s to EndInitTextLocalization.
[2019.04.02-23.25.20:145][  0]LogInit: Setting process to per monitor DPI aware
[2019.04.02-23.25.20:200][  0]LogSlate: New Slate User Created.  User Index 0, Is Virtual User: 0
[2019.04.02-23.25.20:200][  0]LogSlate: Slate User Registered.  User Index 0, Is Virtual User: 0
[2019.04.02-23.25.20:500][  0]LogD3D11RHI: D3D11 adapters:
[2019.04.02-23.25.20:564][  0]LogD3D11RHI:    0. 'NVIDIA GeForce 940M' (Feature Level 11_0)
[2019.04.02-23.25.20:564][  0]LogD3D11RHI:       2020/0/3974 MB DedicatedVideo/DedicatedSystem/SharedSystem, Outputs:1, VendorId:0x10de
[2019.04.02-23.25.20:575][  0]LogD3D11RHI:    1. 'Intel(R) HD Graphics 520' (Feature Level 11_0)
[2019.04.02-23.25.20:575][  0]LogD3D11RHI:       128/0/3974 MB DedicatedVideo/DedicatedSystem/SharedSystem, Outputs:0, VendorId:0x8086
[2019.04.02-23.25.20:578][  0]LogD3D11RHI:    2. 'Microsoft Basic Render Driver' (Feature Level 11_0)
[2019.04.02-23.25.20:578][  0]LogD3D11RHI:       0/0/3974 MB DedicatedVideo/DedicatedSystem/SharedSystem, Outputs:0, VendorId:0x1414
[2019.04.02-23.25.20:578][  0]LogD3D11RHI: Chosen D3D11 Adapter: 0
[2019.04.02-23.25.20:617][  0]LogD3D11RHI: Creating new Direct3DDevice
[2019.04.02-23.25.20:617][  0]LogD3D11RHI:     GPU DeviceId: 0x1347 (for the marketing name, search the web for "GPU Device Id")
[2019.04.02-23.25.20:617][  0]LogWindows: EnumDisplayDevices:
[2019.04.02-23.25.20:617][  0]LogWindows:    0. 'Intel(R) HD Graphics 520' (P:1 D:1)
[2019.04.02-23.25.20:617][  0]LogWindows:    1. 'Intel(R) HD Graphics 520' (P:0 D:0)
[2019.04.02-23.25.20:617][  0]LogWindows:    2. 'Intel(R) HD Graphics 520' (P:0 D:0)
[2019.04.02-23.25.20:617][  0]LogWindows: DebugString: GetVideoDriverDetailsInvalid PrimaryIsNotTheChoosenAdapter GetVideoDriverDetailsInvalid PrimaryIsNotTheChoosenAdapter GetVideoDriverDetailsInvalid PrimaryIsNotTheChoosenAdapter FoundDriverCount:0 
[2019.04.02-23.25.20:617][  0]LogD3D11RHI:     Adapter Name: NVIDIA GeForce 940M
[2019.04.02-23.25.20:618][  0]LogD3D11RHI:   Driver Version: Unknown (internal:Unknown, unified:Unknown)
[2019.04.02-23.25.20:618][  0]LogD3D11RHI:      Driver Date: Unknown
[2019.04.02-23.25.20:618][  0]LogRHI: Texture pool is 1414 MB (70% of 2020 MB)
[2019.04.02-23.25.20:659][  0]LogD3D11RHI: [Aftermath] Aftermath enabled and primed
[2019.04.02-23.25.20:659][  0]LogD3D11RHI: [Aftermath] Aftermath enabled and primed
[2019.04.02-23.25.20:659][  0]LogD3D11RHI: Async texture creation enabled
[2019.04.02-23.25.20:675][  0]LogD3D11RHI: GPU Timing Frequency: 1000.000000 (Debug: 2 1)
[2019.04.02-23.25.20:676][  0]LogShaderCompilers: Guid format shader working directory is -41 characters bigger than the processId version (../../../../../../Users/Rone Caballero/Desktop/Projects/Unreal/Unreal2/Section03/BuildingEscape/Intermediate/Shaders/WorkingDirectory/10368/).
[2019.04.02-23.25.20:676][  0]LogShaderCompilers: Cleaned the shader compiler working directory 'C:/Users/Rone Caballero/AppData/Local/Temp/UnrealShaderWorkingDir/711A254447A27DD6694C169AF9AF9074/'.
[2019.04.02-23.25.20:993][  0]LogTemp: Display: Loaded TP AllDesktopTargetPlatform
[2019.04.02-23.25.21:013][  0]LogTemp: Display: Loaded TP MacClientTargetPlatform
[2019.04.02-23.25.21:035][  0]LogTemp: Display: Loaded TP MacNoEditorTargetPlatform
[2019.04.02-23.25.21:056][  0]LogTemp: Display: Loaded TP MacServerTargetPlatform
[2019.04.02-23.25.21:080][  0]LogTemp: Display: Loaded TP MacTargetPlatform
[2019.04.02-23.25.21:098][  0]LogTemp: Display: Loaded TP WindowsClientTargetPlatform
[2019.04.02-23.25.21:119][  0]LogTemp: Display: Loaded TP WindowsNoEditorTargetPlatform
[2019.04.02-23.25.21:147][  0]LogTemp: Display: Loaded TP WindowsServerTargetPlatform
[2019.04.02-23.25.21:161][  0]LogTemp: Display: Loaded TP WindowsTargetPlatform
[2019.04.02-23.25.21:178][  0]LogTemp: Display: Loaded TP Android_ASTCTargetPlatform
[2019.04.02-23.25.21:195][  0]LogTemp: Display: Loaded TP Android_ATCTargetPlatform
[2019.04.02-23.25.21:210][  0]LogTemp: Display: Loaded TP Android_DXTTargetPlatform
[2019.04.02-23.25.21:226][  0]LogTemp: Display: Loaded TP Android_ETC1aTargetPlatform
[2019.04.02-23.25.21:241][  0]LogTemp: Display: Loaded TP Android_ETC1TargetPlatform
[2019.04.02-23.25.21:257][  0]LogTemp: Display: Loaded TP Android_ETC2TargetPlatform
[2019.04.02-23.25.21:287][  0]LogTemp: Display: Loaded TP Android_MultiTargetPlatform
[2019.04.02-23.25.21:287][  0]LogTemp: Display: Loaded TP Android_PVRTCTargetPlatform
[2019.04.02-23.25.21:302][  0]LogTemp: Display: Loaded TP AndroidTargetPlatform
[2019.04.02-23.25.21:304][  0]LogTemp: Display: Loaded TP HTML5TargetPlatform
[2019.04.02-23.25.21:346][  0]LogTemp: Display: Loaded TP IOSTargetPlatform
[2019.04.02-23.25.21:363][  0]LogTemp: Display: Loaded TP TVOSTargetPlatform
[2019.04.02-23.25.21:378][  0]LogTemp: Display: Loaded TP LinuxClientTargetPlatform
[2019.04.02-23.25.21:392][  0]LogTemp: Display: Loaded TP LinuxNoEditorTargetPlatform
[2019.04.02-23.25.21:407][  0]LogTemp: Display: Loaded TP LinuxServerTargetPlatform
[2019.04.02-23.25.21:422][  0]LogTemp: Display: Loaded TP LinuxTargetPlatform
[2019.04.02-23.25.21:422][  0]LogTargetPlatformManager: Display: Building Assets For Windows
[2019.04.02-23.25.21:564][  0]LogXGEController: Cannot use XGE Controller as Incredibuild is not installed on this machine.
[2019.04.02-23.25.21:564][  0]LogShaderCompilers: Cannot use XGE Shader Compiler as Incredibuild is not installed on this machine.
[2019.04.02-23.25.21:564][  0]LogShaderCompilers: Display: Using Local Shader Compiler.
[2019.04.02-23.25.22:438][  0]LogDerivedDataCache: Display: Max Cache Size: 512 MB
[2019.04.02-23.25.22:533][  0]LogDerivedDataCache: Loaded boot cache 0.09s 74MB C:/Users/Rone Caballero/AppData/Local/UnrealEngine/4.19/DerivedDataCache/Boot.ddc.
[2019.04.02-23.25.22:533][  0]LogDerivedDataCache: Display: Loaded Boot cache: C:/Users/Rone Caballero/AppData/Local/UnrealEngine/4.19/DerivedDataCache/Boot.ddc
[2019.04.02-23.25.22:533][  0]LogDerivedDataCache: FDerivedDataBackendGraph:  Pak pak cache file ../../../../../../Users/Rone Caballero/Desktop/Projects/Unreal/Unreal2/Section03/BuildingEscape/DerivedDataCache/DDC.ddp not found, will not use a pak cache.
[2019.04.02-23.25.22:533][  0]LogDerivedDataCache: Unable to find inner node Pak for hierarchical cache Hierarchy.
[2019.04.02-23.25.22:533][  0]LogDerivedDataCache: FDerivedDataBackendGraph:  CompressedPak pak cache file ../../../../../../Users/Rone Caballero/Desktop/Projects/Unreal/Unreal2/Section03/BuildingEscape/DerivedDataCache/Compressed.ddp not found, will not use a pak cache.
[2019.04.02-23.25.22:533][  0]LogDerivedDataCache: Unable to find inner node CompressedPak for hierarchical cache Hierarchy.
[2019.04.02-23.25.22:554][  0]LogDerivedDataCache: Display: Pak cache opened for reading ../../../Engine/DerivedDataCache/Compressed.ddp.
[2019.04.02-23.25.22:567][  0]LogDerivedDataCache: Using Local data cache path C:/Users/Rone Caballero/AppData/Local/UnrealEngine/Common/DerivedDataCache: Writable
[2019.04.02-23.25.22:567][  0]LogDerivedDataCache: Shared data cache path not found in *engine.ini, will not use an Shared cache.
[2019.04.02-23.25.22:567][  0]LogDerivedDataCache: Unable to find inner node Shared for hierarchical cache Hierarchy.
[2019.04.02-23.25.22:588][  0]LogMaterial: Verifying Global Shaders for PCD3D_SM5
[2019.04.02-23.25.22:588][  0]LogSlate: Using Freetype 2.6.0
[2019.04.02-23.25.22:589][  0]LogSlate: SlateFontCache - WITH_FREETYPE: 1, WITH_HARFBUZZ: 1
[2019.04.02-23.25.22:589][  0]LogSlate: SlateFontCache - WITH_FREETYPE: 1, WITH_HARFBUZZ: 1
[2019.04.02-23.25.22:739][  0]LogAssetRegistry: FAssetRegistry took 0.0273 seconds to start up
[2019.04.02-23.25.23:218][  0]LogInit: Selected Device Profile: [Windows]
[2019.04.02-23.25.23:404][  0]LogSimplygon: Simplygon DLL not present - disabling.
[2019.04.02-23.25.23:408][  0]LogMeshReduction: Using SimplygonSwarm for distributed automatic mesh merging
[2019.04.02-23.25.23:408][  0]LogMeshReduction: Using QuadricMeshReduction for automatic static mesh reduction
[2019.04.02-23.25.23:408][  0]LogMeshReduction: No automatic skeletal mesh reduction module available
[2019.04.02-23.25.23:408][  0]LogMeshReduction: No automatic mesh merging module available
[2019.04.02-23.25.23:408][  0]LogMeshMerging: No automatic mesh merging module available
[2019.04.02-23.25.23:449][  0]LogNetVersion: BuildingEscape , NetCL: 3944462, EngineNetVer: 2, GameNetVer: 0 (Checksum: 4285820645)
[2019.04.02-23.25.24:111][  0]LogPackageLocalizationCache: Processed 9 localized package path(s) for 2 prioritized culture(s) in 0.129530 seconds
[2019.04.02-23.25.24:118][  0]LogUObjectArray: 36728 objects as part of root set at end of initial load.
[2019.04.02-23.25.24:118][  0]LogUObjectAllocator: 7314304 out of 0 bytes used by permanent object pool.
[2019.04.02-23.25.24:118][  0]LogUObjectArray: CloseDisregardForGC: 0/0 objects in disregard for GC pool
[2019.04.02-23.25.26:342][  0]LogTcpMessaging: Initializing TcpMessaging bridge
[2019.04.02-23.25.26:376][  0]LogUdpMessaging: Initializing bridge on interface 0.0.0.0:0 to multicast group 230.0.0.1:6666.
[2019.04.02-23.25.26:822][  0]SourceControl: Source control is disabled
[2019.04.02-23.25.26:822][  0]SourceControl: Source control is disabled
[2019.04.02-23.25.26:844][  0]SourceControl: Source control is disabled
[2019.04.02-23.25.26:865][  0]SourceControl: Source control is disabled
[2019.04.02-23.25.27:512][  0]LogAndroidPermission: UAndroidPermissionCallbackProxy::GetInstance
[2019.04.02-23.25.27:711][  0]LogOcInput: OculusInput pre-init called
[2019.04.02-23.25.27:849][  0]LogEngine: Initializing Engine...
[2019.04.02-23.25.27:851][  0]LogHMD: Failed to initialize OpenVR with code 110
[2019.04.02-23.25.27:853][  0]LogStats: UGameplayTagsManager::ConstructGameplayTagTree: Construct from data asset -  0.000 s
[2019.04.02-23.25.27:853][  0]LogStats: UGameplayTagsManager::ConstructGameplayTagTree: GameplayTagTreeChangedEvent.Broadcast -  0.000 s
[2019.04.02-23.25.28:159][  0]LogAIModule: Creating AISystem for world Untitled
[2019.04.02-23.25.28:188][  0]LogInit: XAudio2 using 'Speakers (Conexant SmartAudio HD)' : 2 channels at 48 kHz using 32 bits per sample (channel mask 0x3)
[2019.04.02-23.25.28:254][  0]LogInit: FAudioDevice initialized.
[2019.04.02-23.25.28:430][  0]LogDerivedDataCache: Saved boot cache 0.17s 74MB C:/Users/Rone Caballero/AppData/Local/UnrealEngine/4.19/DerivedDataCache/Boot.ddc.
[2019.04.02-23.25.28:445][  0]LogInit: Texture streaming: Enabled
[2019.04.02-23.25.28:467][  0]LogEngineSessionManager: EngineSessionManager initialized
[2019.04.02-23.25.28:485][  0]LogInit: Transaction tracking system initialized
[2019.04.02-23.25.28:517][  0]BlueprintLog: New page: Editor Load
[2019.04.02-23.25.28:615][  0]LocalizationService: Localization service is disabled
[2019.04.02-23.25.28:764][  0]LogConsoleResponse: Display: 
[2019.04.02-23.25.28:998][  0]LogCook: Display: Max memory allowance for cook 16384mb min free memory 0mb
[2019.04.02-23.25.28:998][  0]LogCook: Display: Mobile HDR setting 1
[2019.04.02-23.25.28:998][  0]LogGameplayTags: Display: UGameplayTagsManager::DoneAddingNativeTags. DelegateIsBound: 0
[2019.04.02-23.25.28:998][  0]LogStats: UGameplayTagsManager::ConstructGameplayTagTree: Construct from data asset -  0.000 s
[2019.04.02-23.25.28:998][  0]LogStats: UGameplayTagsManager::ConstructGameplayTagTree: GameplayTagTreeChangedEvent.Broadcast -  0.000 s
[2019.04.02-23.25.29:480][  0]LogFileCache: Scanning file cache for directory 'C:/Users/Rone Caballero/Desktop/Projects/Unreal/Unreal2/Section03/BuildingEscape/Content/' took 0.02s
[2019.04.02-23.25.29:481][  0]SourceControl: Source control is disabled
[2019.04.02-23.25.29:481][  0]Cmd: MAP LOAD FILE="../../../../../../Users/Rone Caballero/Desktop/Projects/Unreal/Unreal2/Section03/BuildingEscape/Content/NewMap.umap" TEMPLATE=0 SHOWPROGRESS=1 FEATURELEVEL=3
[2019.04.02-23.25.29:481][  0]LightingResults: New page: Lighting Build
[2019.04.02-23.25.29:486][  0]MapCheck: New page: Map Check
[2019.04.02-23.25.29:486][  0]LightingResults: New page: Lighting Build
[2019.04.02-23.25.30:328][  0]LogAIModule: Creating AISystem for world NewMap
[2019.04.02-23.25.30:338][  0]LogEditorServer: Finished looking for orphan Actors (0.000 secs)
[2019.04.02-23.25.30:355][  0]Cmd: MAP CHECKDEP NOCLEARLOG
[2019.04.02-23.25.30:443][  0]MapCheck: Map check complete: 0 Error(s), 0 Warning(s), took 87.962ms to complete.
[2019.04.02-23.25.30:443][  0]LogFileHelpers: Loading map 'NewMap' took 0.962
[2019.04.02-23.25.30:659][  0]LogCollectionManager: Loaded 0 collections in 0.002332 seconds
[2019.04.02-23.25.30:727][  0]LogFileCache: Scanning file cache for directory 'C:/Users/Rone Caballero/Desktop/Projects/Unreal/Unreal2/Section03/BuildingEscape/Saved/Collections/' took 0.01s
[2019.04.02-23.25.30:727][  0]LogFileCache: Scanning file cache for directory 'C:/Users/Rone Caballero/Desktop/Projects/Unreal/Unreal2/Section03/BuildingEscape/Content/Developers/RoneCaballero/Collections/' took 0.01s
[2019.04.02-23.25.30:727][  0]LogFileCache: Scanning file cache for directory 'C:/Users/Rone Caballero/Desktop/Projects/Unreal/Unreal2/Section03/BuildingEscape/Content/Collections/' took 0.01s
[2019.04.02-23.25.30:727][  0]LogCollectionManager: Rebuilt the GUID cache for 0 collections in 0.000000 seconds
[2019.04.02-23.25.30:742][  0]LogContentBrowser: Native class hierarchy populated in 0.0150 seconds. Added 2456 classes and 562 folders.
[2019.04.02-23.25.30:758][  0]LogContentBrowser: Native class hierarchy updated for 'WidgetCarousel' in 0.0011 seconds. Added 0 classes and 0 folders.
[2019.04.02-23.25.31:262][  0]LogContentBrowser: Native class hierarchy updated for 'AddContentDialog' in 0.0009 seconds. Added 0 classes and 0 folders.
[2019.04.02-23.25.31:321][  0]LogContentBrowser: Native class hierarchy updated for 'HierarchicalLODOutliner' in 0.0010 seconds. Added 0 classes and 0 folders.
[2019.04.02-23.25.31:321][  0]LogLoad: (Engine Initialization) Total time: 15.62 seconds
[2019.04.02-23.25.31:321][  0]LogLoad: (Engine Initialization) Total Blueprint compile time: 0.00 seconds
[2019.04.02-23.25.31:339][  0]LogWindowsTextInputMethodSystem: Display: IME system now deactivated.
[2019.04.02-23.25.31:359][  0]LogContentStreaming: Texture pool size now 1000 MB
[2019.04.02-23.25.31:361][  0]LogSlate: Took 0.000211 seconds to synchronously load lazily loaded font '../../../Engine/Content/Slate/Fonts/Roboto-Regular.ttf' (155K)
[2019.04.02-23.25.31:368][  0]LogSlate: Took 0.000231 seconds to synchronously load lazily loaded font '../../../Engine/Content/Slate/Fonts/Roboto-Bold.ttf' (160K)
[2019.04.02-23.25.31:380][  0]LogSlate: Took 0.008864 seconds to synchronously load lazily loaded font '../../../Engine/Content/Editor/Slate/Fonts/FontAwesome.ttf' (139K)
[2019.04.02-23.25.31:524][  0]LogSlate: Took 0.007061 seconds to synchronously load lazily loaded font '../../../Engine/Content/Slate/Fonts/Roboto-Light.ttf' (167K)
[2019.04.02-23.25.31:569][  1]LogAssetRegistry: Asset discovery search completed in 8.8511 seconds
[2019.04.02-23.25.31:572][  1]LogCollectionManager: Rebuilt the object cache for 0 collections in 0.000000 seconds (found 0 objects)
[2019.04.02-23.25.31:572][  1]LogCollectionManager: Fixed up redirectors for 0 collections in 0.000117 seconds (updated 0 objects)
[2019.04.02-23.25.31:589][  1]LogRenderer: Reallocating scene render targets to support 684x360 Format 10 NumSamples 1 (Frame:1).
[2019.04.02-23.25.35:167][138]LogRenderer: Reallocating scene render targets to support 684x564 Format 10 NumSamples 1 (Frame:140).
[2019.04.02-23.25.39:468][372]LogSlate: FSceneViewport::OnFocusLost() reason 2
[2019.04.02-23.25.41:228][473]Candidate modules for hot reload:
[2019.04.02-23.25.41:228][473]  BuildingEscape
[2019.04.02-23.25.41:228][473]Launching UnrealBuildTool... [C:/Program Files/Epic Games/UE_4.19/Engine/Binaries/DotNET/UnrealBuildTool.exe BuildingEscape -ModuleWithSuffix=BuildingEscape,1860 Win64 Development -editorrecompile -canskiplink "C:/Users/Rone Caballero/Desktop/Projects/Unreal/Unreal2/Section03/BuildingEscape/BuildingEscape.uproject" ]
[2019.04.02-23.25.41:231][473]Warning: Starting HotReload took  0.0s.
[2019.04.02-23.25.54:789][ 12]CompilerResultsLog: New page: Compilation - Apr 2, 2019, 8:25:54 AM
[2019.04.02-23.25.54:790][ 12]CompilerResultsLog: Creating makefile for hot reloading BuildingEscape (no existing makefile)
[2019.04.02-23.25.54:790][ 12]CompilerResultsLog: Compiling game modules for hot reload
[2019.04.02-23.25.54:790][ 12]CompilerResultsLog: Performing 1 actions (2 in parallel)
[2019.04.02-23.25.54:790][ 12]CompilerResultsLog: [1/1] Link UE4Editor-BuildingEscape-1860.dll
[2019.04.02-23.25.54:790][ 12]CompilerResultsLog:    Creating library C:\Users\Rone Caballero\Desktop\Projects\Unreal\Unreal2\Section03\BuildingEscape\Intermediate\Build\Win64\UE4Editor\Development\UE4Editor-BuildingEscape-1860.suppressed.lib and object C:\Users\Rone Caballero\Desktop\Projects\Unreal\Unreal2\Section03\BuildingEscape\Intermediate\Build\Win64\UE4Editor\Development\UE4Editor-BuildingEscape-1860.suppressed.exp
[2019.04.02-23.25.54:790][ 12]CompilerResultsLog: Total build time: 12.88 seconds (Local executor: 1.03 seconds)
[2019.04.02-23.25.54:790][ 12]LogMainFrame: MainFrame: Module compiling took 13.567 seconds
[2019.04.02-23.25.54:872][ 12]LogContentBrowser: Native class hierarchy updated for 'BuildingEscape' in 0.0013 seconds. Added 3 classes and 2 folders.
[2019.04.02-23.25.54:876][ 12]Display: HotReload successful (0 functions remapped  0 scriptstructs remapped)
[2019.04.02-23.25.54:999][ 12]LogContentBrowser: Native class hierarchy populated in 0.0160 seconds. Added 2456 classes and 562 folders.
[2019.04.02-23.25.55:006][ 12]Display: HotReload took 13.8s.
[2019.04.02-23.26.06:460][ 46]LogSlate: FSceneViewport::OnFocusLost() reason 2
[2019.04.02-23.27.27:488][106]LogPlayLevel: PlayLevel: No blueprints needed recompiling
[2019.04.02-23.27.27:489][106]PIE: New page: PIE session: NewMap (Apr 2, 2019, 8:27:27 AM)
[2019.04.02-23.27.27:489][106]LogPlayLevel: Creating play world package: /Game/UEDPIE_0_NewMap
[2019.04.02-23.27.27:496][106]LogPlayLevel: PIE: StaticDuplicateObject took: (0.007195s)
[2019.04.02-23.27.27:499][106]LogAIModule: Creating AISystem for world NewMap
[2019.04.02-23.27.27:499][106]LogPlayLevel: PIE: World Init took: (0.003009s)
[2019.04.02-23.27.27:500][106]LogPlayLevel: PIE: Created PIE world by copying editor world from /Game/NewMap.NewMap to /Game/UEDPIE_0_NewMap.NewMap (0.010760s)
[2019.04.02-23.27.27:522][106]LogInit: XAudio2 using 'Speakers (Conexant SmartAudio HD)' : 2 channels at 48 kHz using 32 bits per sample (channel mask 0x3)
[2019.04.02-23.27.27:541][106]LogInit: FAudioDevice initialized.
[2019.04.02-23.27.27:594][106]LogLoad: Game class is 'BuildingEscapeGameModeBase'
[2019.04.02-23.27.27:598][106]LogWorld: Bringing World /Game/UEDPIE_0_NewMap.NewMap up for play (max tick rate 60) at 2019.04.02-16.27.27
[2019.04.02-23.27.27:599][106]LogWorld: Bringing up level for play took: 0.001507
[2019.04.02-23.27.27:636][106]LogContentBrowser: Native class hierarchy updated for 'MovieSceneCapture' in 0.0009 seconds. Added 11 classes and 0 folders.
[2019.04.02-23.27.27:637][106]LogTemp: Warning: SM_Chair_2 is at X=-350.000 Y=339.000 Z=20.000
[2019.04.02-23.27.27:637][106]PIE: Play in editor start time for /Game/UEDPIE_0_NewMap 0.852
[2019.04.02-23.28.00:347][161]LogEditorViewport: Clicking on Actor (LMB): StaticMeshActor (Wall_400x307)
[2019.04.02-23.28.05:073][427]LogSlate: FSceneViewport::OnFocusLost() reason 0
[2019.04.02-23.28.22:126][  8]LogEditorViewport: Clicking on Actor (LMB): DefaultPawn (DefaultPawn)
[2019.04.02-23.28.34:220][327]LogEditorViewport: Clicking on Actor (LMB): StaticMeshActor (SM_Door)
[2019.04.02-23.28.57:204][686]LogSlate: Took 0.009122 seconds to synchronously load lazily loaded font '../../../Engine/Content/Slate/Fonts/Roboto-Italic.ttf' (157K)
[2019.04.02-23.28.58:838][783]LogSlate: FSceneViewport::OnFocusLost() reason 0
[2019.04.02-23.29.47:693][606]LogSlate: FSceneViewport::OnFocusLost() reason 2
[2019.04.02-23.29.50:958][797]LogTemp: Repeating last play command: Selected Viewport
[2019.04.02-23.29.50:987][797]LogPlayLevel: PlayLevel: No blueprints needed recompiling
[2019.04.02-23.29.50:988][797]PIE: New page: PIE session: NewMap (Apr 2, 2019, 8:29:50 AM)
[2019.04.02-23.29.50:988][797]LogPlayLevel: Creating play world package: /Game/UEDPIE_0_NewMap
[2019.04.02-23.29.50:994][797]LogPlayLevel: PIE: StaticDuplicateObject took: (0.006155s)
[2019.04.02-23.29.50:996][797]LogAIModule: Creating AISystem for world NewMap
[2019.04.02-23.29.50:996][797]LogPlayLevel: PIE: World Init took: (0.001984s)
[2019.04.02-23.29.50:996][797]LogPlayLevel: PIE: Created PIE world by copying editor world from /Game/NewMap.NewMap to /Game/UEDPIE_0_NewMap.NewMap (0.008564s)
[2019.04.02-23.29.51:015][797]LogInit: XAudio2 using 'Speakers (Conexant SmartAudio HD)' : 2 channels at 48 kHz using 32 bits per sample (channel mask 0x3)
[2019.04.02-23.29.51:033][797]LogInit: FAudioDevice initialized.
[2019.04.02-23.29.51:033][797]LogSlate: FSceneViewport::OnFocusLost() reason 2
[2019.04.02-23.29.51:068][797]LogLoad: Game class is 'BuildingEscapeGameModeBase'
[2019.04.02-23.29.51:070][797]LogWorld: Bringing World /Game/UEDPIE_0_NewMap.NewMap up for play (max tick rate 60) at 2019.04.02-16.29.51
[2019.04.02-23.29.51:070][797]LogWorld: Bringing up level for play took: 0.001174
[2019.04.02-23.29.51:071][797]LogTemp: Warning: SM_Chair_2 is at X=-350.000 Y=339.000 Z=20.000
[2019.04.02-23.29.51:071][797]PIE: Play in editor start time for /Game/UEDPIE_0_NewMap 0.285
[2019.04.02-23.30.48:453][853]LogSlate: FSceneViewport::OnFocusLost() reason 0
[2019.04.02-23.31.16:613][520]LogSlate: FSceneViewport::OnFocusLost() reason 0
[2019.04.02-23.31.21:585][800]LogEditorViewport: Clicking on Actor (LMB): StaticMeshActor (Floor)
[2019.04.02-23.31.23:563][913]LogSlate: FSceneViewport::OnFocusLost() reason 0
[2019.04.02-23.31.34:238][545]LogSlate: FSceneViewport::OnFocusLost() reason 0
[2019.04.02-23.31.44:784][170]LogSlate: FSceneViewport::OnFocusLost() reason 0
[2019.04.02-23.31.50:827][516]MapCheck: New page: Map Check
[2019.04.02-23.31.50:877][516]LightingResults: New page: Lighting Build - Apr 2, 2019, 8:31:50 AM
[2019.04.02-23.31.50:999][516]LogSwarmInterface: [OpenConnection] Registering TCP channel ...
[2019.04.02-23.31.51:157][516]LogSwarmInterface: [OpenConnection] Connecting to agent ...
[2019.04.02-23.31.51:666][516]LogSwarmInterface: [TryOpenConnection] Testing the Agent
[2019.04.02-23.31.52:184][516]LogSwarmInterface: [TryOpenConnection] Opening Connection to Agent
[2019.04.02-23.31.52:184][516]LogSwarmInterface: [TryOpenConnection] Local Process ID is 10368
[2019.04.02-23.31.59:805][516]LogStaticLightingSystem: Warning: No importance volume found, so the scene bounding box was used.  You can optimize your scene's quality and lighting build times by adding importance volumes.
[2019.04.02-23.31.59:822][516]LogStaticLightingSystem: Running Lightmass w/ ImmediateImport mode ENABLED
[2019.04.02-23.31.59:822][516]LogStaticLightingSystem: Running Lightmass w/ ImmediateProcess mode ENABLED
[2019.04.02-23.31.59:822][516]LogStaticLightingSystem: Running Lightmass w/ Sorting mode ENABLED
[2019.04.02-23.31.59:822][516]LogStaticLightingSystem: Running Lightmass w/ Mapping paddings ENABLED
[2019.04.02-23.31.59:822][516]LogStaticLightingSystem: Running Lightmass w/ Mapping debug paddings DISABLED
[2019.04.02-23.32.00:090][516]LogEditorBuildUtils: Build time 0:09
[2019.04.02-23.32.04:913][532]Job is a success!
[2019.04.02-23.32.05:269][533]LogSlate: Took 0.000744 seconds to synchronously load lazily loaded font '../../../Engine/Content/Slate/Fonts/Roboto-Light.ttf' (167K)
[2019.04.02-23.32.05:368][533]LogVolumetricLightmapImport: Imported Volumetric Lightmap in 0.018s
[2019.04.02-23.32.05:368][533]LogVolumetricLightmapImport:      Indirection Texture 16x16x16 = 0.0Mb
[2019.04.02-23.32.05:368][533]LogVolumetricLightmapImport:      BrickData 100x5x5 = 0.1Mb
[2019.04.02-23.32.05:368][533]LogVolumetricLightmapImport:      Bricks at Level
[2019.04.02-23.32.05:368][533]LogVolumetricLightmapImport:          0: 5.0% covering 100.0% of volume
[2019.04.02-23.32.05:368][533]LogVolumetricLightmapImport:          1: 5.0% covering 1.6% of volume
[2019.04.02-23.32.05:368][533]LogVolumetricLightmapImport:          2: 90.0% covering 0.4% of volume
[2019.04.02-23.32.05:977][533]LogTexture: Display: Building textures: HQ_Lightmap1_1 (AutoDXT, 1024X1024)
[2019.04.02-23.32.05:977][533]LogTexture: Display: Building textures: LQ_Lightmap_1_1 (DXT1, 1024X1024)
[2019.04.02-23.32.05:977][533]LogTexture: Display: Building textures: HQ_Lightmap1_2 (AutoDXT, 64X64)
[2019.04.02-23.32.05:977][533]LogTexture: Display: Building textures: LQ_Lightmap_1_2 (DXT1, 64X64)
[2019.04.02-23.32.06:089][533]LogTexture: Display: Building textures: ShadowMapTexture2D_3 (G8, 32X32)
[2019.04.02-23.32.06:089][533]LogTexture: Display: Building textures: ShadowMapTexture2D_2 (G8, 1024X256)
[2019.04.02-23.32.06:137][533]Lightmass on DESKTOP-KJH4Q5H: 4.33 sec total, 253 ms importing, 22 ms setup, 425 ms photons, 3.56 sec processing, 0 ms extra exporting [17/17 mappings]. Threads: 14.2 sec total, 5.50 sec processing.
[2019.04.02-23.32.06:169][533]LogStaticLightingSystem: Illumination: 14.9 sec (556 ms encoding lightmaps, 110 ms encoding shadowmaps)
[2019.04.02-23.32.06:170][533]LogStaticLightingSystem: Lightmap texture memory:  2.0 MB (2.0 MB streaming, 0.0 MB non-streaming), 4 textures
[2019.04.02-23.32.06:170][533]LogStaticLightingSystem: Shadowmap texture memory: 0.3 MB (0.3 MB streaming, 0.0 MB non-streaming), 2 textures
[2019.04.02-23.32.06:817][533]DumpUnbuiltLightIteractions
[2019.04.02-23.32.06:817][533]Lights with unbuilt interactions: 0
[2019.04.02-23.32.06:818][533]
[2019.04.02-23.32.06:818][533]Primitives with unbuilt interactions: 0
[2019.04.02-23.32.07:091][534]Cmd: MAP CHECK NOTIFYRESULTS
[2019.04.02-23.32.07:091][534]MapCheck: New page: NewMap - Apr 2, 2019, 8:32:07 AM
[2019.04.02-23.32.07:181][534]MapCheck: Map check complete: 0 Error(s), 0 Warning(s), took 89.907ms to complete.
[2019.04.02-23.32.22:243][763]LogPlayLevel: PlayLevel: No blueprints needed recompiling
[2019.04.02-23.32.22:243][763]PIE: New page: PIE session: NewMap (Apr 2, 2019, 8:32:22 AM)
[2019.04.02-23.32.22:243][763]LogPlayLevel: Creating play world package: /Game/UEDPIE_0_NewMap
[2019.04.02-23.32.22:248][763]LogPlayLevel: PIE: StaticDuplicateObject took: (0.005037s)
[2019.04.02-23.32.22:250][763]LogAIModule: Creating AISystem for world NewMap
[2019.04.02-23.32.22:251][763]LogPlayLevel: PIE: World Init took: (0.002213s)
[2019.04.02-23.32.22:251][763]LogPlayLevel: PIE: Created PIE world by copying editor world from /Game/NewMap.NewMap to /Game/UEDPIE_0_NewMap.NewMap (0.007599s)
[2019.04.02-23.32.22:267][763]LogInit: XAudio2 using 'Speakers (Conexant SmartAudio HD)' : 2 channels at 48 kHz using 32 bits per sample (channel mask 0x3)
[2019.04.02-23.32.22:285][763]LogInit: FAudioDevice initialized.
[2019.04.02-23.32.22:319][763]LogLoad: Game class is 'BuildingEscapeGameModeBase'
[2019.04.02-23.32.22:320][763]LogWorld: Bringing World /Game/UEDPIE_0_NewMap.NewMap up for play (max tick rate 60) at 2019.04.02-16.32.22
[2019.04.02-23.32.22:321][763]LogWorld: Bringing up level for play took: 0.001233
[2019.04.02-23.32.22:322][763]LogTemp: Warning: SM_Chair_2 is at X=-380.880 Y=402.634 Z=29.062
[2019.04.02-23.32.22:322][763]PIE: Play in editor start time for /Game/UEDPIE_0_NewMap -0.463
[2019.04.02-23.33.18:595][863]LogSlate: FSceneViewport::OnFocusLost() reason 0
[2019.04.02-23.34.14:032][146]LogSlate: FSceneViewport::OnFocusLost() reason 0
[2019.04.02-23.36.14:684][628]LogSlate: FSceneViewport::OnFocusLost() reason 2
[2019.04.02-23.36.15:821][682]LogSlate: FSceneViewport::OnFocusLost() reason 2
[2019.04.02-23.36.16:050][682]LogSavePackage: Save=63.99ms
[2019.04.02-23.36.16:051][682]LogSavePackage: Moving '../../../../../../Users/Rone Caballero/Desktop/Projects/Unreal/Unreal2/Section03/BuildingEscape/Saved/NewMapB79DB0914A4F7085316C1FAEEBF58275.tmp' to '../../../../../../Users/Rone Caballero/Desktop/Projects/Unreal/Unreal2/Section03/BuildingEscape/Content/NewMap.umap'
[2019.04.02-23.36.16:059][682]LogSavePackage: Display: Finished SavePackage ../../../../../../Users/Rone Caballero/Desktop/Projects/Unreal/Unreal2/Section03/BuildingEscape/Content/NewMap.umap
[2019.04.02-23.36.16:102][682]LogFileHelpers: Saving map 'NewMap' took 0.256
[2019.04.02-23.36.16:108][682]Cmd: OBJ SAVEPACKAGE PACKAGE="/Game/NewMap_BuiltData" FILE="../../../../../../Users/Rone Caballero/Desktop/Projects/Unreal/Unreal2/Section03/BuildingEscape/Content/NewMap_BuiltData.uasset" SILENT=true
[2019.04.02-23.36.16:366][682]LogSavePackage: Save=229.40ms
[2019.04.02-23.36.16:366][682]LogSavePackage: Moving '../../../../../../Users/Rone Caballero/Desktop/Projects/Unreal/Unreal2/Section03/BuildingEscape/Saved/NewMap_BuiltData389C6C494E6E576EB2B1A2B61E473D34.tmp' to '../../../../../../Users/Rone Caballero/Desktop/Projects/Unreal/Unreal2/Section03/BuildingEscape/Content/NewMap_BuiltData.uasset'
[2019.04.02-23.36.16:374][682]LogSavePackage: Display: Finished SavePackage ../../../../../../Users/Rone Caballero/Desktop/Projects/Unreal/Unreal2/Section03/BuildingEscape/Content/NewMap_BuiltData.uasset
[2019.04.02-23.36.17:851][760]LogSlate: FSceneViewport::OnFocusLost() reason 2
[2019.04.02-23.36.19:627][859]Cmd: CLOSE_SLATE_MAINFRAME
[2019.04.02-23.36.19:736][859]LogSlate: Window 'BuildingEscape - Unreal Editor' being destroyed
[2019.04.02-23.36.20:017][860]Cmd: QUIT_EDITOR
[2019.04.02-23.36.20:289][860]LogWindowsTextInputMethodSystem: Display: IME system now deactivated.
[2019.04.02-23.36.20:321][860]LogSlate: Slate User Destroyed.  User Index 0, Is Virtual User: 0
[2019.04.02-23.36.20:322][860]LogExit: Preparing to exit.
[2019.04.02-23.36.20:786][860]LogDirectoryWatcher: A directory notification for 'C:/Users/Rone Caballero/Desktop/Projects/Unreal/Unreal2/Section03/BuildingEscape/Content/' was aborted.
[2019.04.02-23.36.20:813][860]LogExit: Editor shut down
[2019.04.02-23.36.20:817][860]LogExit: Transaction tracking system shut down
[2019.04.02-23.36.20:998][860]LogDirectoryWatcher: A directory notification for '../../../Engine/Content/' was aborted.
[2019.04.02-23.36.20:998][860]LogDirectoryWatcher: A directory notification for '../../../../../../Users/Rone Caballero/Desktop/Projects/Unreal/Unreal2/Section03/BuildingEscape/Content/' was aborted.
[2019.04.02-23.36.20:998][860]LogDirectoryWatcher: A directory notification for '../../Plugins/2D/Paper2D/Content/' was aborted.
[2019.04.02-23.36.20:998][860]LogDirectoryWatcher: A directory notification for '../../Plugins/Enterprise/DatasmithContent/Content/' was aborted.
[2019.04.02-23.36.20:998][860]LogDirectoryWatcher: A directory notification for '../../Plugins/Media/MediaCompositing/Content/' was aborted.
[2019.04.02-23.36.20:999][860]LogDirectoryWatcher: A directory notification for '../../Plugins/Runtime/AppleARKit/Content/' was aborted.
[2019.04.02-23.36.20:999][860]LogDirectoryWatcher: A directory notification for '../../Plugins/Runtime/Oculus/OculusVR/Content/' was aborted.
[2019.04.02-23.36.20:999][860]LogDirectoryWatcher: A directory notification for '../../Plugins/Runtime/Steam/SteamVR/Content/' was aborted.
[2019.04.02-23.36.21:077][860]LogExit: Object subsystem successfully closed.
[2019.04.02-23.36.21:101][860]LogShaderCompilers: Display: Shaders left to compile 0
[2019.04.02-23.36.21:106][860]LogD3D11RHI: Shutdown
[2019.04.02-23.36.21:106][860]LogD3D11RHI: CleanupD3DDevice
[2019.04.02-23.36.21:110][860]LogD3D11RHI: ~FD3D11DynamicRHI
[2019.04.02-23.36.21:141][860]LogModuleManager: Shutting down and abandoning module MovieSceneCapture (579)
[2019.04.02-23.36.21:142][860]LogModuleManager: Shutting down and abandoning module BuildingEscape (577)
[2019.04.02-23.36.21:142][860]LogModuleManager: Shutting down and abandoning module HierarchicalLODOutliner (576)
[2019.04.02-23.36.21:142][860]LogModuleManager: Shutting down and abandoning module DesktopPlatform (574)
[2019.04.02-23.36.21:142][860]LogModuleManager: Shutting down and abandoning module AddContentDialog (572)
[2019.04.02-23.36.21:142][860]LogDirectoryWatcher: A directory notification for 'C:/Program Files/Epic Games/UE_4.19/FeaturePacks/' was aborted.
[2019.04.02-23.36.21:142][860]LogDirectoryWatcher: A directory notification for 'C:/Program Files/Epic Games/UE_4.19/Enterprise/FeaturePacks/' was aborted.
[2019.04.02-23.36.21:144][860]LogModuleManager: Shutting down and abandoning module WidgetCarousel (571)
[2019.04.02-23.36.21:144][860]LogModuleManager: Shutting down and abandoning module EditorWidgets (568)
[2019.04.02-23.36.21:144][860]LogModuleManager: Shutting down and abandoning module CollectionManager (566)
[2019.04.02-23.36.21:144][860]LogDirectoryWatcher: A directory notification for 'C:/Users/Rone Caballero/Desktop/Projects/Unreal/Unreal2/Section03/BuildingEscape/Content/Collections/' was aborted.
[2019.04.02-23.36.21:144][860]LogDirectoryWatcher: A directory notification for 'C:/Users/Rone Caballero/Desktop/Projects/Unreal/Unreal2/Section03/BuildingEscape/Content/Developers/RoneCaballero/Collections/' was aborted.
[2019.04.02-23.36.21:144][860]LogDirectoryWatcher: A directory notification for 'C:/Users/Rone Caballero/Desktop/Projects/Unreal/Unreal2/Section03/BuildingEscape/Saved/Collections/' was aborted.
[2019.04.02-23.36.21:144][860]LogModuleManager: Shutting down and abandoning module SceneOutliner (564)
[2019.04.02-23.36.21:145][860]LogModuleManager: Shutting down and abandoning module StatsViewer (562)
[2019.04.02-23.36.21:145][860]LogModuleManager: Shutting down and abandoning module FoliageEdit (560)
[2019.04.02-23.36.21:145][860]LogModuleManager: Shutting down and abandoning module LandscapeEditor (558)
[2019.04.02-23.36.21:145][860]LogModuleManager: Shutting down and abandoning module MeshPaintMode (556)
[2019.04.02-23.36.21:145][860]LogModuleManager: Shutting down and abandoning module SceneDepthPickerMode (554)
[2019.04.02-23.36.21:145][860]LogModuleManager: Shutting down and abandoning module ActorPickerMode (552)
[2019.04.02-23.36.21:145][860]LogModuleManager: Shutting down and abandoning module GeometryMode (550)
[2019.04.02-23.36.21:145][860]LogModuleManager: Shutting down and abandoning module TextureAlignMode (548)
[2019.04.02-23.36.21:145][860]LogModuleManager: Shutting down and abandoning module BspMode (546)
[2019.04.02-23.36.21:145][860]LogModuleManager: Shutting down and abandoning module PIEPreviewDeviceProfileSelector (544)
[2019.04.02-23.36.21:145][860]LogModuleManager: Shutting down and abandoning module HardwareSurvey (542)
[2019.04.02-23.36.21:145][860]LogModuleManager: Shutting down and abandoning module SequenceRecorderSections (540)
[2019.04.02-23.36.21:145][860]LogModuleManager: Shutting down and abandoning module AutomationWorker (538)
[2019.04.02-23.36.21:145][860]LogModuleManager: Shutting down and abandoning module AudioCaptureEditor (536)
[2019.04.02-23.36.21:145][860]LogModuleManager: Shutting down and abandoning module SequenceRecorder (535)
[2019.04.02-23.36.21:145][860]LogModuleManager: Shutting down and abandoning module MatineeToLevelSequence (532)
[2019.04.02-23.36.21:145][860]LogModuleManager: Shutting down and abandoning module LevelSequenceEditor (530)
[2019.04.02-23.36.21:145][860]LogModuleManager: Shutting down and abandoning module PlacementMode (529)
[2019.04.02-23.36.21:145][860]LogModuleManager: Shutting down and abandoning module MaterialEditor (528)
[2019.04.02-23.36.21:145][860]LogModuleManager: Shutting down and abandoning module WmfMediaFactory (524)
[2019.04.02-23.36.21:145][860]LogModuleManager: Shutting down and abandoning module WmfMediaEditor (522)
[2019.04.02-23.36.21:145][860]LogModuleManager: Shutting down and abandoning module MediaPlayerEditor (520)
[2019.04.02-23.36.21:146][860]LogModuleManager: Shutting down and abandoning module OpenExrWrapper (518)
[2019.04.02-23.36.21:146][860]LogModuleManager: Shutting down and abandoning module ImgMediaFactory (516)
[2019.04.02-23.36.21:146][860]LogModuleManager: Shutting down and abandoning module ImgMediaEditor (514)
[2019.04.02-23.36.21:146][860]LogModuleManager: Shutting down and abandoning module AvfMediaFactory (512)
[2019.04.02-23.36.21:146][860]LogModuleManager: Shutting down and abandoning module AvfMediaEditor (510)
[2019.04.02-23.36.21:146][860]LogModuleManager: Shutting down and abandoning module AndroidMediaFactory (508)
[2019.04.02-23.36.21:146][860]LogModuleManager: Shutting down and abandoning module AndroidMediaEditor (506)
[2019.04.02-23.36.21:146][860]LogModuleManager: Shutting down and abandoning module CharacterAI (504)
[2019.04.02-23.36.21:146][860]LogModuleManager: Shutting down and abandoning module SmartSnapping (502)
[2019.04.02-23.36.21:146][860]LogModuleManager: Shutting down and abandoning module SessionServices (500)
[2019.04.02-23.36.21:146][860]LogModuleManager: Shutting down and abandoning module ViewportSnapping (498)
[2019.04.02-23.36.21:146][860]LogModuleManager: Shutting down and abandoning module ViewportInteraction (496)
[2019.04.02-23.36.21:146][860]LogModuleManager: Shutting down and abandoning module ClothPainter (494)
[2019.04.02-23.36.21:146][860]LogModuleManager: Shutting down and abandoning module SkeletalMeshEditor (493)
[2019.04.02-23.36.21:146][860]LogModuleManager: Shutting down and abandoning module LogVisualizer (490)
[2019.04.02-23.36.21:146][860]LogModuleManager: Shutting down and abandoning module IntroTutorials (488)
[2019.04.02-23.36.21:146][860]LogModuleManager: Shutting down and abandoning module GameProjectGeneration (487)
[2019.04.02-23.36.21:146][860]LogModuleManager: Shutting down and abandoning module IOSPlatformEditor (484)
[2019.04.02-23.36.21:146][860]LogModuleManager: Shutting down and abandoning module HTML5PlatformEditor (482)
[2019.04.02-23.36.21:146][860]LogModuleManager: Shutting down and abandoning module AndroidPlatformEditor (480)
[2019.04.02-23.36.21:146][860]LogModuleManager: Shutting down and abandoning module AndroidDeviceDetection (479)
[2019.04.02-23.36.22:045][860]LogModuleManager: Shutting down and abandoning module WindowsPlatformEditor (476)
[2019.04.02-23.36.22:045][860]LogModuleManager: Shutting down and abandoning module IOSRuntimeSettings (474)
[2019.04.02-23.36.22:045][860]LogModuleManager: Shutting down and abandoning module AndroidRuntimeSettings (472)
[2019.04.02-23.36.22:045][860]LogModuleManager: Shutting down and abandoning module InputBindingEditor (470)
[2019.04.02-23.36.22:046][860]LogModuleManager: Shutting down and abandoning module MergeActors (468)
[2019.04.02-23.36.22:046][860]LogModuleManager: Shutting down and abandoning module LocalizationDashboard (466)
[2019.04.02-23.36.22:046][860]LogModuleManager: Shutting down and abandoning module LocalizationService (465)
[2019.04.02-23.36.22:046][860]LogModuleManager: Shutting down and abandoning module HardwareTargeting (462)
[2019.04.02-23.36.22:046][860]LogModuleManager: Shutting down and abandoning module DeviceProfileEditor (460)
[2019.04.02-23.36.22:046][860]LogModuleManager: Shutting down and abandoning module UndoHistory (458)
[2019.04.02-23.36.22:046][860]LogModuleManager: Shutting down and abandoning module XmlParser (456)
[2019.04.02-23.36.22:046][860]LogModuleManager: Shutting down and abandoning module Blutility (454)
[2019.04.02-23.36.22:046][860]LogModuleManager: Shutting down and abandoning module ProjectSettingsViewer (452)
[2019.04.02-23.36.22:046][860]LogModuleManager: Shutting down and abandoning module ProjectTargetPlatformEditor (451)
[2019.04.02-23.36.22:046][860]LogModuleManager: Shutting down and abandoning module EditorSettingsViewer (448)
[2019.04.02-23.36.22:046][860]LogModuleManager: Shutting down and abandoning module SettingsEditor (446)
[2019.04.02-23.36.22:046][860]LogModuleManager: Shutting down and abandoning module ProjectLauncher (444)
[2019.04.02-23.36.22:046][860]LogModuleManager: Shutting down and abandoning module SessionFrontend (442)
[2019.04.02-23.36.22:047][860]LogModuleManager: Shutting down and abandoning module ProfilerClient (440)
[2019.04.02-23.36.22:047][860]LogModuleManager: Shutting down and abandoning module DeviceManager (438)
[2019.04.02-23.36.22:047][860]LogModuleManager: Shutting down and abandoning module TargetDeviceServices (437)
[2019.04.02-23.36.22:120][860]LogModuleManager: Shutting down and abandoning module AutomationController (434)
[2019.04.02-23.36.22:120][860]LogModuleManager: Shutting down and abandoning module AutomationWindow (432)
[2019.04.02-23.36.22:120][860]LogModuleManager: Shutting down and abandoning module Layers (430)
[2019.04.02-23.36.22:120][860]LogModuleManager: Shutting down and abandoning module ComponentVisualizers (428)
[2019.04.02-23.36.22:120][860]LogModuleManager: Shutting down and abandoning module DetailCustomizations (426)
[2019.04.02-23.36.22:120][860]LogModuleManager: Shutting down and abandoning module PackagesDialog (424)
[2019.04.02-23.36.22:121][860]LogModuleManager: Shutting down and abandoning module Persona (422)
[2019.04.02-23.36.22:122][860]LogModuleManager: Shutting down and abandoning module AdvancedPreviewScene (421)
[2019.04.02-23.36.22:122][860]LogModuleManager: Shutting down and abandoning module AnimGraph (419)
[2019.04.02-23.36.22:122][860]LogModuleManager: Shutting down and abandoning module Kismet (416)
[2019.04.02-23.36.22:124][860]LogModuleManager: Shutting down and abandoning module GraphEditor (414)
[2019.04.02-23.36.22:124][860]LogModuleManager: Shutting down and abandoning module ClassViewer (412)
[2019.04.02-23.36.22:124][860]LogModuleManager: Shutting down and abandoning module Toolbox (410)
[2019.04.02-23.36.22:124][860]LogModuleManager: Shutting down and abandoning module ModuleUI (408)
[2019.04.02-23.36.22:124][860]LogModuleManager: Shutting down and abandoning module MovieSceneTools (406)
[2019.04.02-23.36.22:124][860]LogModuleManager: Shutting down and abandoning module OutputLog (404)
[2019.04.02-23.36.22:124][860]LogModuleManager: Shutting down and abandoning module GammaUI (402)
[2019.04.02-23.36.22:124][860]LogModuleManager: Shutting down and abandoning module Documentation (400)
[2019.04.02-23.36.22:125][860]LogModuleManager: Shutting down and abandoning module MovieSceneTracks (398)
[2019.04.02-23.36.22:125][860]LogModuleManager: Shutting down and abandoning module MovieScene (396)
[2019.04.02-23.36.22:125][860]LogModuleManager: Shutting down and abandoning module StreamingPauseRendering (394)
[2019.04.02-23.36.22:125][860]LogModuleManager: Shutting down and abandoning module LauncherPlatform (392)
[2019.04.02-23.36.22:125][860]LogModuleManager: Shutting down and abandoning module AnalyticsET (390)
[2019.04.02-23.36.22:125][860]LogModuleManager: Shutting down and abandoning module PortalServices (388)
[2019.04.02-23.36.22:125][860]LogModuleManager: Shutting down and abandoning module PortalRpc (386)
[2019.04.02-23.36.22:125][860]LogModuleManager: Shutting down and abandoning module MessagingRpc (384)
[2019.04.02-23.36.22:125][860]LogModuleManager: Shutting down and abandoning module AIModule (382)
[2019.04.02-23.36.22:125][860]LogModuleManager: Shutting down and abandoning module GameplayDebugger (381)
[2019.04.02-23.36.22:125][860]LogModuleManager: Shutting down and abandoning module AITestSuite (379)
[2019.04.02-23.36.22:125][860]LogModuleManager: Shutting down and abandoning module ProfilerService (376)
[2019.04.02-23.36.22:265][860]LogModuleManager: Shutting down and abandoning module TaskGraph (374)
[2019.04.02-23.36.22:265][860]LogModuleManager: Shutting down and abandoning module SteamVRController (372)
[2019.04.02-23.36.22:265][860]LogModuleManager: Shutting down and abandoning module ProceduralMeshComponentEditor (370)
[2019.04.02-23.36.22:265][860]LogModuleManager: Shutting down and abandoning module ProceduralMeshComponent (368)
[2019.04.02-23.36.22:265][860]LogModuleManager: Shutting down and abandoning module OculusInput (366)
[2019.04.02-23.36.22:265][860]LogModuleManager: Shutting down and abandoning module MobilePatchingUtils (364)
[2019.04.02-23.36.22:265][860]LogModuleManager: Shutting down and abandoning module CustomMeshComponent (362)
[2019.04.02-23.36.22:286][860]LogModuleManager: Shutting down and abandoning module CableComponent (360)
[2019.04.02-23.36.22:286][860]LogModuleManager: Shutting down and abandoning module AudioCapture (358)
[2019.04.02-23.36.22:286][860]LogModuleManager: Shutting down and abandoning module ArchVisCharacter (356)
[2019.04.02-23.36.22:286][860]LogModuleManager: Shutting down and abandoning module AndroidPermission (354)
[2019.04.02-23.36.22:286][860]LogModuleManager: Shutting down and abandoning module NUTUnrealEngine4 (350)
[2019.04.02-23.36.22:286][860]LogModuleManager: Shutting down and abandoning module NetcodeUnitTest (348)
[2019.04.02-23.36.22:286][860]LogModuleManager: Shutting down and abandoning module MediaCompositingEditor (346)
[2019.04.02-23.36.22:286][860]LogModuleManager: Shutting down and abandoning module MediaCompositing (344)
[2019.04.02-23.36.22:286][860]LogModuleManager: Shutting down and abandoning module LinearTimecode (342)
[2019.04.02-23.36.22:286][860]LogModuleManager: Shutting down and abandoning module ImgMedia (340)
[2019.04.02-23.36.22:480][860]LogModuleManager: Shutting down and abandoning module HTML5Networking (338)
[2019.04.02-23.36.22:480][860]LogModuleManager: Shutting down and abandoning module AlembicImporter (336)
[2019.04.02-23.36.22:480][860]LogModuleManager: Shutting down and abandoning module AlembicLibrary (335)
[2019.04.02-23.36.22:480][860]LogModuleManager: Shutting down and abandoning module GeometryCache (334)
[2019.04.02-23.36.22:480][860]LogModuleManager: Shutting down and abandoning module GeometryCacheEd (333)
[2019.04.02-23.36.22:480][860]LogModuleManager: Shutting down and abandoning module DatasmithContent (328)
[2019.04.02-23.36.22:480][860]LogModuleManager: Shutting down and abandoning module SpeedTreeImporter (326)
[2019.04.02-23.36.22:480][860]LogModuleManager: Shutting down and abandoning module PluginBrowser (324)
[2019.04.02-23.36.22:480][860]LogModuleManager: Shutting down and abandoning module MobileLauncherProfileWizard (322)
[2019.04.02-23.36.22:480][860]LogModuleManager: Shutting down and abandoning module CryptoKeysOpenSSL (320)
[2019.04.02-23.36.22:480][860]LogModuleManager: Shutting down and abandoning module CryptoKeys (318)
[2019.04.02-23.36.22:480][860]LogModuleManager: Shutting down and abandoning module VisualStudioSourceCodeAccess (316)
[2019.04.02-23.36.22:480][860]LogModuleManager: Shutting down and abandoning module VisualStudioCodeSourceCodeAccess (314)
[2019.04.02-23.36.22:480][860]LogModuleManager: Shutting down and abandoning module UObjectPlugin (312)
[2019.04.02-23.36.22:480][860]LogModuleManager: Shutting down and abandoning module SubversionSourceControl (310)
[2019.04.02-23.36.22:481][860]LogModuleManager: Shutting down and abandoning module PerforceSourceControl (308)
[2019.04.02-23.36.22:481][860]LogModuleManager: Shutting down and abandoning module GitSourceControl (306)
[2019.04.02-23.36.22:481][860]LogModuleManager: Shutting down and abandoning module SourceControl (305)
[2019.04.02-23.36.22:481][860]LogModuleManager: Shutting down and abandoning module CLionSourceCodeAccess (302)
[2019.04.02-23.36.22:481][860]LogModuleManager: Shutting down and abandoning module LightPropagationVolumeEditor (300)
[2019.04.02-23.36.22:481][860]LogModuleManager: Shutting down and abandoning module PaperTiledImporter (298)
[2019.04.02-23.36.22:481][860]LogModuleManager: Shutting down and abandoning module PaperSpriteSheetImporter (296)
[2019.04.02-23.36.22:481][860]LogModuleManager: Shutting down and abandoning module Paper2DEditor (294)
[2019.04.02-23.36.22:481][860]LogModuleManager: Shutting down and abandoning module MeshPaint (293)
[2019.04.02-23.36.22:481][860]LogModuleManager: Shutting down and abandoning module RuntimePhysXCooking (288)
[2019.04.02-23.36.22:481][860]LogModuleManager: Shutting down and abandoning module PhysXVehiclesEditor (286)
[2019.04.02-23.36.22:481][860]LogModuleManager: Shutting down and abandoning module PhysXVehicles (284)
[2019.04.02-23.36.22:481][860]LogModuleManager: Shutting down and abandoning module OculusEditor (282)
[2019.04.02-23.36.22:481][860]LogModuleManager: Shutting down and abandoning module LocationServicesBPLibrary (280)
[2019.04.02-23.36.22:481][860]LogModuleManager: Shutting down and abandoning module ImmediatePhysicsEditor (278)
[2019.04.02-23.36.22:481][860]LogModuleManager: Shutting down and abandoning module ImmediatePhysics (276)
[2019.04.02-23.36.22:481][860]LogModuleManager: Shutting down and abandoning module ActorSequence (274)
[2019.04.02-23.36.22:481][860]LogModuleManager: Shutting down and abandoning module UdpMessaging (272)
[2019.04.02-23.36.22:583][860]LogModuleManager: Shutting down and abandoning module TcpMessaging (270)
[2019.04.02-23.36.22:683][860]LogModuleManager: Shutting down and abandoning module GameplayTagsEditor (268)
[2019.04.02-23.36.22:683][860]LogModuleManager: Shutting down and abandoning module FacialAnimationEditor (266)
[2019.04.02-23.36.22:683][860]LogModuleManager: Shutting down and abandoning module FacialAnimation (264)
[2019.04.02-23.36.22:683][860]LogModuleManager: Shutting down and abandoning module DataValidation (262)
[2019.04.02-23.36.22:683][860]LogModuleManager: Shutting down and abandoning module AssetManagerEditor (260)
[2019.04.02-23.36.22:683][860]LogModuleManager: Shutting down and abandoning module LevelEditor (259)
[2019.04.02-23.36.22:687][860]LogModuleManager: Shutting down and abandoning module PixelInspectorModule (258)
[2019.04.02-23.36.22:687][860]LogModuleManager: Shutting down and abandoning module CommonMenuExtensions (256)
[2019.04.02-23.36.22:687][860]LogModuleManager: Shutting down and abandoning module MainFrame (254)
[2019.04.02-23.36.22:688][860]LogModuleManager: Shutting down and abandoning module HotReload (253)
[2019.04.02-23.36.22:690][860]LogDirectoryWatcher: A directory notification for 'C:/Users/Rone Caballero/Desktop/Projects/Unreal/Unreal2/Section03/BuildingEscape/Binaries/Win64' was aborted.
[2019.04.02-23.36.22:690][860]LogModuleManager: Shutting down and abandoning module ContentBrowser (249)
[2019.04.02-23.36.22:692][860]LogModuleManager: Shutting down and abandoning module TreeMap (247)
[2019.04.02-23.36.22:692][860]LogModuleManager: Shutting down and abandoning module LightPropagationVolumeRuntime (244)
[2019.04.02-23.36.22:692][860]LogModuleManager: Shutting down and abandoning module LiveLinkEditor (242)
[2019.04.02-23.36.22:692][860]LogModuleManager: Shutting down and abandoning module LiveLink (240)
[2019.04.02-23.36.23:265][860]LogModuleManager: Shutting down and abandoning module Paper2D (238)
[2019.04.02-23.36.23:265][860]LogModuleManager: Shutting down and abandoning module WindowsMoviePlayer (236)
[2019.04.02-23.36.23:265][860]LogModuleManager: Shutting down and abandoning module WmfMedia (234)
[2019.04.02-23.36.23:268][860]LogModuleManager: Shutting down and abandoning module Media (233)
[2019.04.02-23.36.23:279][860]LogModuleManager: Shutting down and abandoning module PacketHandler (230)
[2019.04.02-23.36.23:281][860]LogModuleManager: Shutting down and abandoning module ClothingSystemEditor (228)
[2019.04.02-23.36.23:281][860]LogModuleManager: Shutting down and abandoning module ClothingSystemRuntime (226)
[2019.04.02-23.36.23:282][860]LogModuleManager: Shutting down and abandoning module MediaAssets (224)
[2019.04.02-23.36.23:310][860]LogModuleManager: Shutting down and abandoning module Overlay (222)
[2019.04.02-23.36.23:310][860]LogModuleManager: Shutting down and abandoning module OverlayEditor (221)
[2019.04.02-23.36.23:310][860]LogModuleManager: Shutting down and abandoning module VREditor (218)
[2019.04.02-23.36.23:311][860]LogModuleManager: Shutting down and abandoning module StringTableEditor (216)
[2019.04.02-23.36.23:311][860]LogModuleManager: Shutting down and abandoning module GameplayTasksEditor (214)
[2019.04.02-23.36.23:311][860]LogModuleManager: Shutting down and abandoning module BehaviorTreeEditor (212)
[2019.04.02-23.36.23:312][860]LogModuleManager: Shutting down and abandoning module FunctionalTesting (210)
[2019.04.02-23.36.23:312][860]LogModuleManager: Shutting down and abandoning module CollisionAnalyzer (208)
[2019.04.02-23.36.23:312][860]LogModuleManager: Shutting down and abandoning module WorkspaceMenuStructure (207)
[2019.04.02-23.36.23:312][860]LogModuleManager: Shutting down and abandoning module UMG (204)
[2019.04.02-23.36.23:312][860]LogModuleManager: Shutting down and abandoning module UMGEditor (203)
[2019.04.02-23.36.23:312][860]LogModuleManager: Shutting down and abandoning module Sequencer (202)
[2019.04.02-23.36.23:313][860]LogModuleManager: Shutting down and abandoning module MessageLog (199)
[2019.04.02-23.36.23:313][860]LogModuleManager: Shutting down and abandoning module SlateReflector (194)
[2019.04.02-23.36.23:313][860]LogModuleManager: Shutting down and abandoning module Slate (192)
[2019.04.02-23.36.23:313][860]LogModuleManager: Shutting down and abandoning module EditorStyle (190)
[2019.04.02-23.36.23:315][860]LogModuleManager: Shutting down and abandoning module MRMesh (188)
[2019.04.02-23.36.23:315][860]LogModuleManager: Shutting down and abandoning module SourceCodeAccess (186)
[2019.04.02-23.36.23:315][860]LogModuleManager: Shutting down and abandoning module HeadMountedDisplay (184)
[2019.04.02-23.36.23:315][860]LogModuleManager: Shutting down and abandoning module XAudio2 (182)
[2019.04.02-23.36.23:315][860]LogModuleManager: Shutting down and abandoning module Networking (180)
[2019.04.02-23.36.23:315][860]LogModuleManager: Shutting down and abandoning module Core (178)
[2019.04.02-23.36.23:315][860]LogModuleManager: Shutting down and abandoning module LevelSequence (176)
[2019.04.02-23.36.23:315][860]LogModuleManager: Shutting down and abandoning module KismetCompiler (174)
[2019.04.02-23.36.23:315][860]LogModuleManager: Shutting down and abandoning module MeshUtilities (172)
[2019.04.02-23.36.23:315][860]LogModuleManager: Shutting down and abandoning module MeshMergeUtilities (171)
[2019.04.02-23.36.23:315][860]LogModuleManager: Shutting down and abandoning module MeshReductionInterface (170)
[2019.04.02-23.36.23:315][860]LogModuleManager: Shutting down and abandoning module SimplygonSwarm (169)
[2019.04.02-23.36.23:315][860]LogModuleManager: Shutting down and abandoning module SimplygonMeshReduction (167)
[2019.04.02-23.36.23:315][860]LogModuleManager: Shutting down and abandoning module QuadricMeshReduction (165)
[2019.04.02-23.36.23:315][860]LogModuleManager: Shutting down and abandoning module MaterialBaking (161)
[2019.04.02-23.36.23:316][860]LogModuleManager: Shutting down and abandoning module DirectoryWatcher (157)
[2019.04.02-23.36.23:317][860]LogModuleManager: Shutting down and abandoning module DerivedDataCache (154)
[2019.04.02-23.36.23:413][860]LogDerivedDataCache: Shutdown
[2019.04.02-23.36.23:414][860]LogModuleManager: Shutting down and abandoning module XGEController (152)
[2019.04.02-23.36.23:414][860]LogModuleManager: Shutting down and abandoning module TargetPlatform (150)
[2019.04.02-23.36.23:414][860]LogModuleManager: Shutting down and abandoning module VulkanShaderFormat (149)
[2019.04.02-23.36.23:414][860]LogModuleManager: Shutting down and abandoning module ShaderFormatVectorVM (147)
[2019.04.02-23.36.23:414][860]LogModuleManager: Shutting down and abandoning module ShaderFormatOpenGL (145)
[2019.04.02-23.36.23:414][860]LogModuleManager: Shutting down and abandoning module ShaderFormatD3D (143)
[2019.04.02-23.36.23:414][860]LogModuleManager: Shutting down and abandoning module MetalShaderFormat (141)
[2019.04.02-23.36.23:414][860]LogModuleManager: Shutting down and abandoning module TextureFormatUncompressed (139)
[2019.04.02-23.36.23:414][860]LogModuleManager: Shutting down and abandoning module TextureFormatPVR (137)
[2019.04.02-23.36.23:414][860]LogModuleManager: Shutting down and abandoning module TextureFormatDXT (135)
[2019.04.02-23.36.23:414][860]LogModuleManager: Shutting down and abandoning module TextureFormatIntelISPCTexComp (133)
[2019.04.02-23.36.23:414][860]LogModuleManager: Shutting down and abandoning module TextureFormatASTC (131)
[2019.04.02-23.36.23:414][860]LogModuleManager: Shutting down and abandoning module ImageWrapper (130)
[2019.04.02-23.36.23:414][860]LogModuleManager: Shutting down and abandoning module TextureFormatAndroid (127)
[2019.04.02-23.36.23:414][860]LogModuleManager: Shutting down and abandoning module AudioFormatOpus (125)
[2019.04.02-23.36.23:414][860]LogModuleManager: Shutting down and abandoning module AudioFormatOgg (123)
[2019.04.02-23.36.23:414][860]LogModuleManager: Shutting down and abandoning module AudioFormatADPCM (121)
[2019.04.02-23.36.23:414][860]LogModuleManager: Shutting down and abandoning module LinuxTargetPlatform (119)
[2019.04.02-23.36.23:414][860]LogModuleManager: Shutting down and abandoning module LinuxServerTargetPlatform (117)
[2019.04.02-23.36.23:414][860]LogModuleManager: Shutting down and abandoning module LinuxNoEditorTargetPlatform (115)
[2019.04.02-23.36.23:415][860]LogModuleManager: Shutting down and abandoning module LinuxClientTargetPlatform (113)
[2019.04.02-23.36.23:415][860]LogModuleManager: Shutting down and abandoning module TVOSTargetPlatform (111)
[2019.04.02-23.36.23:415][860]LogModuleManager: Shutting down and abandoning module Messaging (109)
[2019.04.02-23.36.23:415][860]LogModuleManager: Shutting down and abandoning module IOSTargetPlatform (107)
[2019.04.02-23.36.23:415][860]LogModuleManager: Shutting down and abandoning module HTML5TargetPlatform (105)
[2019.04.02-23.36.23:415][860]LogModuleManager: Shutting down and abandoning module AndroidTargetPlatform (103)
[2019.04.02-23.36.23:415][860]LogModuleManager: Shutting down and abandoning module Android_PVRTCTargetPlatform (101)
[2019.04.02-23.36.23:415][860]LogModuleManager: Shutting down and abandoning module Android_MultiTargetPlatform (99)
[2019.04.02-23.36.23:415][860]LogModuleManager: Shutting down and abandoning module Android_ETC2TargetPlatform (97)
[2019.04.02-23.36.23:415][860]LogModuleManager: Shutting down and abandoning module Android_ETC1TargetPlatform (95)
[2019.04.02-23.36.23:415][860]LogModuleManager: Shutting down and abandoning module Android_ETC1aTargetPlatform (93)
[2019.04.02-23.36.23:415][860]LogModuleManager: Shutting down and abandoning module Android_DXTTargetPlatform (91)
[2019.04.02-23.36.23:415][860]LogModuleManager: Shutting down and abandoning module Android_ATCTargetPlatform (89)
[2019.04.02-23.36.23:415][860]LogModuleManager: Shutting down and abandoning module Android_ASTCTargetPlatform (87)
[2019.04.02-23.36.23:415][860]LogModuleManager: Shutting down and abandoning module WindowsTargetPlatform (85)
[2019.04.02-23.36.23:415][860]LogModuleManager: Shutting down and abandoning module WindowsServerTargetPlatform (83)
[2019.04.02-23.36.23:415][860]LogModuleManager: Shutting down and abandoning module WindowsNoEditorTargetPlatform (81)
[2019.04.02-23.36.23:415][860]LogModuleManager: Shutting down and abandoning module WindowsClientTargetPlatform (79)
[2019.04.02-23.36.23:415][860]LogModuleManager: Shutting down and abandoning module MacTargetPlatform (77)
[2019.04.02-23.36.23:415][860]LogModuleManager: Shutting down and abandoning module MacServerTargetPlatform (75)
[2019.04.02-23.36.23:415][860]LogModuleManager: Shutting down and abandoning module MacNoEditorTargetPlatform (73)
[2019.04.02-23.36.23:415][860]LogModuleManager: Shutting down and abandoning module MacClientTargetPlatform (71)
[2019.04.02-23.36.23:415][860]LogModuleManager: Shutting down and abandoning module AllDesktopTargetPlatform (69)
[2019.04.02-23.36.23:416][860]LogModuleManager: Shutting down and abandoning module InputCore (66)
[2019.04.02-23.36.23:416][860]LogModuleManager: Shutting down and abandoning module Settings (64)
[2019.04.02-23.36.23:416][860]LogModuleManager: Shutting down and abandoning module PhysXCooking (62)
[2019.04.02-23.36.23:416][860]LogModuleManager: Shutting down and abandoning module SteamVR (60)
[2019.04.02-23.36.23:416][860]LogModuleManager: Shutting down and abandoning module OculusHMD (58)
[2019.04.02-23.36.23:416][860]LogModuleManager: Shutting down and abandoning module ExampleDeviceProfileSelector (56)
[2019.04.02-23.36.23:416][860]LogModuleManager: Shutting down and abandoning module AppleARKit (54)
[2019.04.02-23.36.23:416][860]LogModuleManager: Shutting down and abandoning module AugmentedReality (51)
[2019.04.02-23.36.23:416][860]LogModuleManager: Shutting down and abandoning module OnlineBlueprintSupport (48)
[2019.04.02-23.36.23:416][860]LogModuleManager: Shutting down and abandoning module OnlineSubsystem (44)
[2019.04.02-23.36.23:416][860]LogModuleManager: Shutting down and abandoning module XMPP (43)
[2019.04.02-23.36.23:416][860]LogModuleManager: Shutting down and abandoning module HTTP (41)
[2019.04.02-23.36.23:416][860]LogHttp: Display: Http module shutting down, but needs to wait on 1 outstanding Http requests:
[2019.04.02-23.36.23:416][860]LogHttp: Display: 	verb=[POST] url=[https://datarouter.ol.epicgames.com/datarouter/api/v1/public/data?SessionID=%7BBE4F66C4-48AC-A3FD-4408-6287014DD10A%7D&AppID=UEEditor.Rocket.Release&AppVersion=4.19.2-4033788%2B%2B%2BUE4%2BRelease-4.19&UserID=9c6b0b444103ba3eca5872a70a68f970%7Cac5f955cae744595b3f0dc1006b5c74d%7C62cf02be-e2f0-4a80-90b8-aa2203597226&AppEnvironment=datacollector-binary&UploadType=eteventstream] status=Processing
[2019.04.02-23.36.23:425][860]LogModuleManager: Shutting down and abandoning module SSL (40)
[2019.04.02-23.36.23:428][860]LogModuleManager: Shutting down and abandoning module AnimationModifiers (36)
[2019.04.02-23.36.23:428][860]LogModuleManager: Shutting down and abandoning module PropertyEditor (35)
[2019.04.02-23.36.23:429][860]LogModuleManager: Shutting down and abandoning module AudioEditor (32)
[2019.04.02-23.36.23:429][860]LogModuleManager: Shutting down and abandoning module TextureCompressor (30)
[2019.04.02-23.36.23:429][860]LogModuleManager: Shutting down and abandoning module ShaderCore (28)
[2019.04.02-23.36.23:429][860]LogModuleManager: Shutting down and abandoning module Landscape (26)
[2019.04.02-23.36.23:429][860]LogModuleManager: Shutting down and abandoning module SlateRHIRenderer (24)
[2019.04.02-23.36.23:430][860]LogModuleManager: Shutting down and abandoning module OpenGLDrv (22)
[2019.04.02-23.36.23:430][860]LogModuleManager: Shutting down and abandoning module D3D11RHI (20)
[2019.04.02-23.36.23:430][860]LogModuleManager: Shutting down and abandoning module AnimGraphRuntime (18)
[2019.04.02-23.36.23:430][860]LogModuleManager: Shutting down and abandoning module Renderer (16)
[2019.04.02-23.36.23:430][860]LogModuleManager: Shutting down and abandoning module Engine (14)
[2019.04.02-23.36.23:430][860]LogModuleManager: Shutting down and abandoning module CoreUObject (12)
[2019.04.02-23.36.23:430][860]LogModuleManager: Shutting down and abandoning module NetworkFile (10)
[2019.04.02-23.36.23:430][860]LogModuleManager: Shutting down and abandoning module CookedIterativeFile (8)
[2019.04.02-23.36.23:430][860]LogModuleManager: Shutting down and abandoning module StreamingFile (6)
[2019.04.02-23.36.23:430][860]LogModuleManager: Shutting down and abandoning module SandboxFile (4)
[2019.04.02-23.36.23:430][860]LogModuleManager: Shutting down and abandoning module PakFile (2)
[2019.04.02-23.36.23:437][860]LogExit: Exiting.
[2019.04.02-23.36.23:469][860]Log file closed, 04/02/19 16:36:23
